{"/home/travis/build/npmtest/node-npmtest-redux-devtools/test.js":{"path":"/home/travis/build/npmtest/node-npmtest-redux-devtools/test.js","s":{"1":2,"2":2,"3":2,"4":2,"5":2,"6":2,"7":2,"8":1,"9":2,"10":2,"11":1,"12":1,"13":1,"14":1,"15":2,"16":2,"17":2,"18":2,"19":1,"20":1,"21":2,"22":2,"23":2,"24":1,"25":1,"26":1,"27":1,"28":1,"29":1,"30":1,"31":1,"32":1,"33":1,"34":1,"35":1,"36":1,"37":1,"38":1,"39":2,"40":2,"41":1,"42":2,"43":2,"44":1,"45":2,"46":2,"47":1,"48":2,"49":2,"50":1,"51":1,"52":1,"53":1,"54":1},"b":{"1":[2,1,1,1],"2":[1,1,1,1],"3":[1,1],"4":[1,1],"5":[1,1],"6":[1,1],"7":[1,1],"8":[1,1],"9":[1,1],"10":[1,1,1],"11":[1,1],"12":[1,1],"13":[1,1],"14":[1,1],"15":[1,1],"16":[1,1],"17":[1,1]},"f":{"1":2,"2":2,"3":2,"4":2,"5":2,"6":1,"7":1,"8":1,"9":2,"10":2,"11":2,"12":2,"13":1},"fnMap":{"1":{"name":"(anonymous_1)","line":12,"loc":{"start":{"line":12,"column":1},"end":{"line":12,"column":13}}},"2":{"name":"(anonymous_2)","line":19,"loc":{"start":{"line":19,"column":5},"end":{"line":19,"column":17}}},"3":{"name":"(anonymous_3)","line":23,"loc":{"start":{"line":23,"column":24},"end":{"line":23,"column":36}}},"4":{"name":"(anonymous_4)","line":61,"loc":{"start":{"line":61,"column":5},"end":{"line":61,"column":17}}},"5":{"name":"(anonymous_5)","line":82,"loc":{"start":{"line":82,"column":5},"end":{"line":82,"column":17}}},"6":{"name":"(anonymous_6)","line":91,"loc":{"start":{"line":91,"column":77},"end":{"line":94,"column":10}}},"7":{"name":"(anonymous_7)","line":112,"loc":{"start":{"line":112,"column":83},"end":{"line":115,"column":10}},"skip":true},"8":{"name":"(anonymous_8)","line":123,"loc":{"start":{"line":123,"column":77},"end":{"line":126,"column":10}},"skip":true},"9":{"name":"(anonymous_9)","line":139,"loc":{"start":{"line":139,"column":12},"end":{"line":139,"column":40}},"skip":true},"10":{"name":"(anonymous_10)","line":147,"loc":{"start":{"line":147,"column":77},"end":{"line":150,"column":10}},"skip":true},"11":{"name":"(anonymous_11)","line":158,"loc":{"start":{"line":158,"column":83},"end":{"line":161,"column":10}},"skip":true},"12":{"name":"(anonymous_12)","line":169,"loc":{"start":{"line":169,"column":79},"end":{"line":172,"column":10}},"skip":true},"13":{"name":"(anonymous_13)","line":180,"loc":{"start":{"line":180,"column":75},"end":{"line":183,"column":10}},"skip":true}},"statementMap":{"1":{"start":{"line":12,"column":0},"end":{"line":195,"column":5}},"2":{"start":{"line":14,"column":4},"end":{"line":14,"column":14}},"3":{"start":{"line":19,"column":4},"end":{"line":56,"column":9}},"4":{"start":{"line":21,"column":8},"end":{"line":21,"column":19}},"5":{"start":{"line":23,"column":8},"end":{"line":35,"column":13}},"6":{"start":{"line":24,"column":12},"end":{"line":34,"column":13}},"7":{"start":{"line":25,"column":16},"end":{"line":28,"column":30}},"8":{"start":{"line":30,"column":16},"end":{"line":33,"column":27}},"9":{"start":{"line":37,"column":8},"end":{"line":39,"column":21}},"10":{"start":{"line":40,"column":8},"end":{"line":53,"column":9}},"11":{"start":{"line":43,"column":12},"end":{"line":46,"column":14}},"12":{"start":{"line":47,"column":12},"end":{"line":47,"column":18}},"13":{"start":{"line":50,"column":12},"end":{"line":51,"column":46}},"14":{"start":{"line":52,"column":12},"end":{"line":52,"column":18}},"15":{"start":{"line":55,"column":8},"end":{"line":55,"column":35}},"16":{"start":{"line":61,"column":4},"end":{"line":63,"column":9}},"17":{"start":{"line":62,"column":8},"end":{"line":62,"column":15}},"18":{"start":{"line":64,"column":4},"end":{"line":77,"column":5}},"19":{"start":{"line":70,"column":8},"end":{"line":70,"column":14}},"20":{"start":{"line":76,"column":8},"end":{"line":76,"column":14}},"21":{"start":{"line":82,"column":4},"end":{"line":84,"column":9}},"22":{"start":{"line":83,"column":8},"end":{"line":83,"column":15}},"23":{"start":{"line":85,"column":4},"end":{"line":194,"column":5}},"24":{"start":{"line":91,"column":8},"end":{"line":99,"column":10}},"25":{"start":{"line":98,"column":12},"end":{"line":98,"column":35}},"26":{"start":{"line":102,"column":8},"end":{"line":104,"column":63}},"27":{"start":{"line":105,"column":8},"end":{"line":105,"column":14}},"28":{"start":{"line":112,"column":8},"end":{"line":121,"column":10},"skip":true},"29":{"start":{"line":119,"column":12},"end":{"line":119,"column":55},"skip":true},"30":{"start":{"line":120,"column":12},"end":{"line":120,"column":48},"skip":true},"31":{"start":{"line":123,"column":8},"end":{"line":136,"column":10},"skip":true},"32":{"start":{"line":130,"column":12},"end":{"line":130,"column":76},"skip":true},"33":{"start":{"line":131,"column":12},"end":{"line":131,"column":73},"skip":true},"34":{"start":{"line":132,"column":12},"end":{"line":132,"column":74},"skip":true},"35":{"start":{"line":133,"column":12},"end":{"line":133,"column":79},"skip":true},"36":{"start":{"line":134,"column":12},"end":{"line":134,"column":25},"skip":true},"37":{"start":{"line":135,"column":12},"end":{"line":135,"column":45},"skip":true},"38":{"start":{"line":138,"column":8},"end":{"line":145,"column":14},"skip":true},"39":{"start":{"line":143,"column":16},"end":{"line":143,"column":29},"skip":true},"40":{"start":{"line":144,"column":16},"end":{"line":144,"column":55},"skip":true},"41":{"start":{"line":147,"column":8},"end":{"line":156,"column":10},"skip":true},"42":{"start":{"line":154,"column":12},"end":{"line":154,"column":25},"skip":true},"43":{"start":{"line":155,"column":12},"end":{"line":155,"column":45},"skip":true},"44":{"start":{"line":158,"column":8},"end":{"line":167,"column":10},"skip":true},"45":{"start":{"line":165,"column":12},"end":{"line":165,"column":25},"skip":true},"46":{"start":{"line":166,"column":12},"end":{"line":166,"column":48},"skip":true},"47":{"start":{"line":169,"column":8},"end":{"line":178,"column":10},"skip":true},"48":{"start":{"line":176,"column":12},"end":{"line":176,"column":25},"skip":true},"49":{"start":{"line":177,"column":12},"end":{"line":177,"column":46},"skip":true},"50":{"start":{"line":180,"column":8},"end":{"line":189,"column":10},"skip":true},"51":{"start":{"line":187,"column":12},"end":{"line":187,"column":94},"skip":true},"52":{"start":{"line":188,"column":12},"end":{"line":188,"column":48},"skip":true},"53":{"start":{"line":192,"column":8},"end":{"line":192,"column":35},"skip":true},"54":{"start":{"line":193,"column":8},"end":{"line":193,"column":14},"skip":true}},"branchMap":{"1":{"line":25,"type":"binary-expr","locations":[{"start":{"line":25,"column":23},"end":{"line":25,"column":62}},{"start":{"line":26,"column":20},"end":{"line":26,"column":70}},{"start":{"line":27,"column":20},"end":{"line":27,"column":71}},{"start":{"line":28,"column":20},"end":{"line":28,"column":29}}]},"2":{"line":30,"type":"binary-expr","locations":[{"start":{"line":30,"column":23},"end":{"line":30,"column":37}},{"start":{"line":31,"column":20},"end":{"line":31,"column":61}},{"start":{"line":32,"column":20},"end":{"line":32,"column":70}},{"start":{"line":33,"column":20},"end":{"line":33,"column":26}}]},"3":{"line":37,"type":"cond-expr","locations":[{"start":{"line":38,"column":14},"end":{"line":38,"column":20}},{"start":{"line":39,"column":14},"end":{"line":39,"column":20}}]},"4":{"line":40,"type":"switch","locations":[{"start":{"line":42,"column":8},"end":{"line":47,"column":18}},{"start":{"line":49,"column":8},"end":{"line":52,"column":18}}]},"5":{"line":44,"type":"binary-expr","locations":[{"start":{"line":44,"column":16},"end":{"line":44,"column":44}},{"start":{"line":44,"column":48},"end":{"line":44,"column":66}}]},"6":{"line":50,"type":"binary-expr","locations":[{"start":{"line":50,"column":21},"end":{"line":50,"column":49}},{"start":{"line":50,"column":53},"end":{"line":50,"column":72}}]},"7":{"line":64,"type":"switch","locations":[{"start":{"line":69,"column":4},"end":{"line":70,"column":14}},{"start":{"line":75,"column":4},"end":{"line":76,"column":14}}]},"8":{"line":85,"type":"switch","locations":[{"start":{"line":90,"column":4},"end":{"line":105,"column":14}},{"start":{"line":111,"column":4},"end":{"line":193,"column":14},"skip":true}]},"9":{"line":91,"type":"binary-expr","locations":[{"start":{"line":91,"column":42},"end":{"line":91,"column":73}},{"start":{"line":91,"column":77},"end":{"line":99,"column":9}}]},"10":{"line":102,"type":"binary-expr","locations":[{"start":{"line":102,"column":18},"end":{"line":102,"column":32}},{"start":{"line":103,"column":12},"end":{"line":103,"column":53}},{"start":{"line":104,"column":12},"end":{"line":104,"column":61}}]},"11":{"line":112,"type":"binary-expr","locations":[{"start":{"line":112,"column":45},"end":{"line":112,"column":79},"skip":true},{"start":{"line":112,"column":83},"end":{"line":121,"column":9},"skip":true}]},"12":{"line":123,"type":"binary-expr","locations":[{"start":{"line":123,"column":42},"end":{"line":123,"column":73},"skip":true},{"start":{"line":123,"column":77},"end":{"line":136,"column":9},"skip":true}]},"13":{"line":138,"type":"binary-expr","locations":[{"start":{"line":138,"column":48},"end":{"line":138,"column":85},"skip":true},{"start":{"line":139,"column":12},"end":{"line":145,"column":13},"skip":true}]},"14":{"line":147,"type":"binary-expr","locations":[{"start":{"line":147,"column":42},"end":{"line":147,"column":73},"skip":true},{"start":{"line":147,"column":77},"end":{"line":156,"column":9},"skip":true}]},"15":{"line":158,"type":"binary-expr","locations":[{"start":{"line":158,"column":45},"end":{"line":158,"column":79},"skip":true},{"start":{"line":158,"column":83},"end":{"line":167,"column":9},"skip":true}]},"16":{"line":169,"type":"binary-expr","locations":[{"start":{"line":169,"column":43},"end":{"line":169,"column":75},"skip":true},{"start":{"line":169,"column":79},"end":{"line":178,"column":9},"skip":true}]},"17":{"line":180,"type":"binary-expr","locations":[{"start":{"line":180,"column":41},"end":{"line":180,"column":71},"skip":true},{"start":{"line":180,"column":75},"end":{"line":189,"column":9},"skip":true}]}},"code":["/* istanbul instrument in package npmtest_redux_devtools */","/*jslint","    bitwise: true,","    browser: true,","    maxerr: 8,","    maxlen: 96,","    node: true,","    nomen: true,","    regexp: true,","    stupid: true","*/","(function () {","    'use strict';","    var local;","","","","    // run shared js-env code - pre-init","    (function () {","        // init local","        local = {};","        // init modeJs","        local.modeJs = (function () {","            try {","                return typeof navigator.userAgent === 'string' &&","                    typeof document.querySelector('body') === 'object' &&","                    typeof XMLHttpRequest.prototype.open === 'function' &&","                    'browser';","            } catch (errorCaughtBrowser) {","                return module.exports &&","                    typeof process.versions.node === 'string' &&","                    typeof require('http').createServer === 'function' &&","                    'node';","            }","        }());","        // init global","        local.global = local.modeJs === 'browser'","            ? window","            : global;","        switch (local.modeJs) {","        // re-init local from window.local","        case 'browser':","            local = local.global.utility2.objectSetDefault(","                local.global.utility2_rollup || local.global.local,","                local.global.utility2","            );","            break;","        // re-init local from example.js","        case 'node':","            local = (local.global.utility2_rollup || require('utility2'))","                .requireExampleJsFromReadme();","            break;","        }","        // export local","        local.global.local = local;","    }());","","","","    // run shared js-env code - function","    (function () {","        return;","    }());","    switch (local.modeJs) {","","","","    // run browser js-env code - function","    case 'browser':","        break;","","","","    // run node js-env code - function","    case 'node':","        break;","    }","","","","    // run shared js-env code - post-init","    (function () {","        return;","    }());","    switch (local.modeJs) {","","","","    // run browser js-env code - post-init","    case 'browser':","        local.testCase_browser_nullCase = local.testCase_browser_nullCase || function (","            options,","            onError","        ) {","        /*","         * this function will test browsers's null-case handling-behavior-behavior","         */","            onError(null, options);","        };","","        // run tests","        local.nop(local.modeTest &&","            document.querySelector('#testRunButton1') &&","            document.querySelector('#testRunButton1').click());","        break;","","","","    // run node js-env code - post-init","    /* istanbul ignore next */","    case 'node':","        local.testCase_buildApidoc_default = local.testCase_buildApidoc_default || function (","            options,","            onError","        ) {","        /*","         * this function will test buildApidoc's default handling-behavior-behavior","         */","            options = { modulePathList: module.paths };","            local.buildApidoc(options, onError);","        };","","        local.testCase_buildApp_default = local.testCase_buildApp_default || function (","            options,","            onError","        ) {","        /*","         * this function will test buildApp's default handling-behavior-behavior","         */","            local.testCase_buildReadme_default(options, local.onErrorThrow);","            local.testCase_buildLib_default(options, local.onErrorThrow);","            local.testCase_buildTest_default(options, local.onErrorThrow);","            local.testCase_buildCustomOrg_default(options, local.onErrorThrow);","            options = [];","            local.buildApp(options, onError);","        };","","        local.testCase_buildCustomOrg_default = local.testCase_buildCustomOrg_default ||","            function (options, onError) {","            /*","             * this function will test buildCustomOrg's default handling-behavior","             */","                options = {};","                local.buildCustomOrg(options, onError);","            };","","        local.testCase_buildLib_default = local.testCase_buildLib_default || function (","            options,","            onError","        ) {","        /*","         * this function will test buildLib's default handling-behavior","         */","            options = {};","            local.buildLib(options, onError);","        };","","        local.testCase_buildReadme_default = local.testCase_buildReadme_default || function (","            options,","            onError","        ) {","        /*","         * this function will test buildReadme's default handling-behavior-behavior","         */","            options = {};","            local.buildReadme(options, onError);","        };","","        local.testCase_buildTest_default = local.testCase_buildTest_default || function (","            options,","            onError","        ) {","        /*","         * this function will test buildTest's default handling-behavior","         */","            options = {};","            local.buildTest(options, onError);","        };","","        local.testCase_webpage_default = local.testCase_webpage_default || function (","            options,","            onError","        ) {","        /*","         * this function will test webpage's default handling-behavior","         */","            options = { modeCoverageMerge: true, url: local.serverLocalHost + '?modeTest=1' };","            local.browserTest(options, onError);","        };","","        // run test-server","        local.testRunServer(local);","        break;","    }","}());",""],"l":{"12":2,"14":2,"19":2,"21":2,"23":2,"24":2,"25":2,"30":1,"37":2,"40":2,"43":1,"47":1,"50":1,"52":1,"55":2,"61":2,"62":2,"64":2,"70":1,"76":1,"82":2,"83":2,"85":2,"91":1,"98":1,"102":1,"105":1,"112":1,"119":1,"120":1,"123":1,"130":1,"131":1,"132":1,"133":1,"134":1,"135":1,"138":1,"143":2,"144":2,"147":1,"154":2,"155":2,"158":1,"165":2,"166":2,"169":1,"176":2,"177":2,"180":1,"187":1,"188":1,"192":1,"193":1}},"/home/travis/build/npmtest/node-npmtest-redux-devtools/lib.npmtest_redux_devtools.js":{"path":"/home/travis/build/npmtest/node-npmtest-redux-devtools/lib.npmtest_redux_devtools.js","s":{"1":2,"2":2,"3":2,"4":2,"5":2,"6":2,"7":2,"8":1,"9":2,"10":2,"11":2,"12":2,"13":1,"14":1,"15":1,"16":1},"b":{"1":[2,1,1,1],"2":[1,1,1,1],"3":[1,1],"4":[2,2],"5":[1,1]},"f":{"1":2,"2":2,"3":2},"fnMap":{"1":{"name":"(anonymous_1)","line":12,"loc":{"start":{"line":12,"column":1},"end":{"line":12,"column":13}}},"2":{"name":"(anonymous_2)","line":19,"loc":{"start":{"line":19,"column":5},"end":{"line":19,"column":17}}},"3":{"name":"(anonymous_3)","line":23,"loc":{"start":{"line":23,"column":24},"end":{"line":23,"column":36}}}},"statementMap":{"1":{"start":{"line":12,"column":0},"end":{"line":53,"column":5}},"2":{"start":{"line":14,"column":4},"end":{"line":14,"column":14}},"3":{"start":{"line":19,"column":4},"end":{"line":52,"column":9}},"4":{"start":{"line":21,"column":8},"end":{"line":21,"column":19}},"5":{"start":{"line":23,"column":8},"end":{"line":35,"column":13}},"6":{"start":{"line":24,"column":12},"end":{"line":34,"column":13}},"7":{"start":{"line":25,"column":16},"end":{"line":28,"column":30}},"8":{"start":{"line":30,"column":16},"end":{"line":33,"column":27}},"9":{"start":{"line":37,"column":8},"end":{"line":39,"column":21}},"10":{"start":{"line":41,"column":8},"end":{"line":41,"column":54}},"11":{"start":{"line":43,"column":8},"end":{"line":43,"column":59}},"12":{"start":{"line":45,"column":8},"end":{"line":51,"column":9}},"13":{"start":{"line":46,"column":12},"end":{"line":46,"column":65}},"14":{"start":{"line":48,"column":12},"end":{"line":48,"column":35}},"15":{"start":{"line":49,"column":12},"end":{"line":49,"column":49}},"16":{"start":{"line":50,"column":12},"end":{"line":50,"column":43}}},"branchMap":{"1":{"line":25,"type":"binary-expr","locations":[{"start":{"line":25,"column":23},"end":{"line":25,"column":62}},{"start":{"line":26,"column":20},"end":{"line":26,"column":70}},{"start":{"line":27,"column":20},"end":{"line":27,"column":71}},{"start":{"line":28,"column":20},"end":{"line":28,"column":29}}]},"2":{"line":30,"type":"binary-expr","locations":[{"start":{"line":30,"column":23},"end":{"line":30,"column":37}},{"start":{"line":31,"column":20},"end":{"line":31,"column":61}},{"start":{"line":32,"column":20},"end":{"line":32,"column":70}},{"start":{"line":33,"column":20},"end":{"line":33,"column":26}}]},"3":{"line":37,"type":"cond-expr","locations":[{"start":{"line":38,"column":14},"end":{"line":38,"column":20}},{"start":{"line":39,"column":14},"end":{"line":39,"column":20}}]},"4":{"line":41,"type":"binary-expr","locations":[{"start":{"line":41,"column":16},"end":{"line":41,"column":44}},{"start":{"line":41,"column":48},"end":{"line":41,"column":53}}]},"5":{"line":45,"type":"if","locations":[{"start":{"line":45,"column":8},"end":{"line":45,"column":8}},{"start":{"line":45,"column":8},"end":{"line":45,"column":8}}]}},"code":["/* istanbul instrument in package npmtest_redux_devtools */","/*jslint","    bitwise: true,","    browser: true,","    maxerr: 8,","    maxlen: 96,","    node: true,","    nomen: true,","    regexp: true,","    stupid: true","*/","(function () {","    'use strict';","    var local;","","","","    // run shared js-env code - pre-init","    (function () {","        // init local","        local = {};","        // init modeJs","        local.modeJs = (function () {","            try {","                return typeof navigator.userAgent === 'string' &&","                    typeof document.querySelector('body') === 'object' &&","                    typeof XMLHttpRequest.prototype.open === 'function' &&","                    'browser';","            } catch (errorCaughtBrowser) {","                return module.exports &&","                    typeof process.versions.node === 'string' &&","                    typeof require('http').createServer === 'function' &&","                    'node';","            }","        }());","        // init global","        local.global = local.modeJs === 'browser'","            ? window","            : global;","        // init utility2_rollup","        local = local.global.utility2_rollup || local;","        // init lib","        local.local = local.npmtest_redux_devtools = local;","        // init exports","        if (local.modeJs === 'browser') {","            local.global.utility2_npmtest_redux_devtools = local;","        } else {","            module.exports = local;","            module.exports.__dirname = __dirname;","            module.exports.module = module;","        }","    }());","}());",""],"l":{"12":2,"14":2,"19":2,"21":2,"23":2,"24":2,"25":2,"30":1,"37":2,"41":2,"43":2,"45":2,"46":1,"48":1,"49":1,"50":1}},"/home/travis/build/npmtest/node-npmtest-redux-devtools/example.js":{"path":"/home/travis/build/npmtest/node-npmtest-redux-devtools/example.js","s":{"1":2,"2":2,"3":2,"4":2,"5":2,"6":2,"7":2,"8":1,"9":2,"10":2,"11":2,"12":2,"13":1,"14":2,"15":2,"16":2,"17":2,"18":2,"19":0,"20":2,"21":1,"22":1,"23":1,"24":1,"25":1,"26":0,"27":0,"28":1,"29":1,"30":2,"31":0,"32":0,"33":0,"34":1,"35":2,"36":2,"37":3,"38":3,"39":3,"40":3,"41":0,"42":3,"43":3,"44":3,"45":1,"46":3,"47":1,"48":1,"49":1,"50":1,"51":1,"52":1,"53":1,"54":1,"55":1,"56":1,"57":0,"58":1,"59":6,"60":6,"61":1,"62":2,"63":0,"64":2,"65":1,"66":1,"67":0,"68":0,"69":0,"70":0,"71":0,"72":0,"73":0,"74":0,"75":0,"76":0,"77":0,"78":0,"79":0,"80":0,"81":0,"82":0,"83":0},"b":{"1":[2,1,1,1],"2":[1,1,1,1],"3":[1,1],"4":[2,2],"5":[1,1],"6":[1,1],"7":[2,0],"8":[2,1,1,1,1,1],"9":[0,2,0],"10":[1,1],"11":[2,1,1],"12":[1,0],"13":[0,2],"14":[2,0,0,0,0,0,0],"15":[0,3],"16":[3,0],"17":[1,1],"18":[0,1],"19":[1,2,0,2],"20":[1,0],"21":[1,1],"22":[0,0],"23":[0,0],"24":[0,0],"25":[0,0],"26":[0,0],"27":[0,0],"28":[0,0]},"f":{"1":2,"2":2,"3":2,"4":2,"5":2,"6":2,"7":3,"8":3,"9":3,"10":1,"11":6,"12":0},"fnMap":{"1":{"name":"(anonymous_1)","line":26,"loc":{"start":{"line":26,"column":1},"end":{"line":26,"column":13}}},"2":{"name":"(anonymous_2)","line":33,"loc":{"start":{"line":33,"column":5},"end":{"line":33,"column":17}}},"3":{"name":"(anonymous_3)","line":37,"loc":{"start":{"line":37,"column":24},"end":{"line":37,"column":36}}},"4":{"name":"(anonymous_4)","line":69,"loc":{"start":{"line":69,"column":31},"end":{"line":69,"column":48}},"skip":true},"5":{"name":"(anonymous_5)","line":78,"loc":{"start":{"line":78,"column":26},"end":{"line":78,"column":45}},"skip":true},"6":{"name":"(anonymous_6)","line":123,"loc":{"start":{"line":123,"column":33},"end":{"line":123,"column":48}},"skip":true},"7":{"name":"(anonymous_7)","line":125,"loc":{"start":{"line":125,"column":27},"end":{"line":125,"column":39}},"skip":true},"8":{"name":"(anonymous_8)","line":133,"loc":{"start":{"line":133,"column":59},"end":{"line":133,"column":74}},"skip":true},"9":{"name":"(anonymous_9)","line":143,"loc":{"start":{"line":143,"column":45},"end":{"line":143,"column":62}},"skip":true},"10":{"name":"(anonymous_10)","line":144,"loc":{"start":{"line":144,"column":73},"end":{"line":144,"column":92}},"skip":true},"11":{"name":"(anonymous_11)","line":272,"loc":{"start":{"line":272,"column":51},"end":{"line":272,"column":77}},"skip":true},"12":{"name":"(anonymous_12)","line":315,"loc":{"start":{"line":315,"column":32},"end":{"line":315,"column":61}},"skip":true}},"statementMap":{"1":{"start":{"line":26,"column":0},"end":{"line":326,"column":5}},"2":{"start":{"line":28,"column":4},"end":{"line":28,"column":14}},"3":{"start":{"line":33,"column":4},"end":{"line":60,"column":9}},"4":{"start":{"line":35,"column":8},"end":{"line":35,"column":19}},"5":{"start":{"line":37,"column":8},"end":{"line":49,"column":13}},"6":{"start":{"line":38,"column":12},"end":{"line":48,"column":13}},"7":{"start":{"line":39,"column":16},"end":{"line":42,"column":30}},"8":{"start":{"line":44,"column":16},"end":{"line":47,"column":27}},"9":{"start":{"line":51,"column":8},"end":{"line":53,"column":21}},"10":{"start":{"line":55,"column":8},"end":{"line":57,"column":45}},"11":{"start":{"line":59,"column":8},"end":{"line":59,"column":35}},"12":{"start":{"line":61,"column":4},"end":{"line":325,"column":5}},"13":{"start":{"line":69,"column":8},"end":{"line":121,"column":10},"skip":true},"14":{"start":{"line":70,"column":12},"end":{"line":88,"column":13},"skip":true},"15":{"start":{"line":76,"column":16},"end":{"line":87,"column":19},"skip":true},"16":{"start":{"line":79,"column":20},"end":{"line":86,"column":21},"skip":true},"17":{"start":{"line":82,"column":24},"end":{"line":82,"column":43},"skip":true},"18":{"start":{"line":83,"column":24},"end":{"line":83,"column":30},"skip":true},"19":{"start":{"line":85,"column":24},"end":{"line":85,"column":49},"skip":true},"20":{"start":{"line":89,"column":12},"end":{"line":107,"column":13},"skip":true},"21":{"start":{"line":92,"column":16},"end":{"line":102,"column":17},"skip":true},"22":{"start":{"line":93,"column":20},"end":{"line":93,"column":86},"skip":true},"23":{"start":{"line":94,"column":20},"end":{"line":95,"column":45},"skip":true},"24":{"start":{"line":96,"column":20},"end":{"line":96,"column":42},"skip":true},"25":{"start":{"line":97,"column":20},"end":{"line":97,"column":48},"skip":true},"26":{"start":{"line":100,"column":20},"end":{"line":100,"column":85},"skip":true},"27":{"start":{"line":101,"column":20},"end":{"line":101,"column":96},"skip":true},"28":{"start":{"line":103,"column":16},"end":{"line":103,"column":22},"skip":true},"29":{"start":{"line":106,"column":16},"end":{"line":106,"column":22},"skip":true},"30":{"start":{"line":108,"column":12},"end":{"line":120,"column":13},"skip":true},"31":{"start":{"line":114,"column":16},"end":{"line":119,"column":17},"skip":true},"32":{"start":{"line":116,"column":20},"end":{"line":116,"column":78},"skip":true},"33":{"start":{"line":118,"column":20},"end":{"line":118,"column":47},"skip":true},"34":{"start":{"line":123,"column":8},"end":{"line":141,"column":11},"skip":true},"35":{"start":{"line":124,"column":12},"end":{"line":124,"column":54},"skip":true},"36":{"start":{"line":125,"column":12},"end":{"line":140,"column":14},"skip":true},"37":{"start":{"line":126,"column":16},"end":{"line":126,"column":28},"skip":true},"38":{"start":{"line":127,"column":16},"end":{"line":127,"column":69},"skip":true},"39":{"start":{"line":128,"column":16},"end":{"line":128,"column":75},"skip":true},"40":{"start":{"line":129,"column":16},"end":{"line":131,"column":17},"skip":true},"41":{"start":{"line":130,"column":20},"end":{"line":130,"column":27},"skip":true},"42":{"start":{"line":133,"column":16},"end":{"line":137,"column":36},"skip":true},"43":{"start":{"line":134,"column":20},"end":{"line":136,"column":55},"skip":true},"44":{"start":{"line":139,"column":16},"end":{"line":139,"column":57},"skip":true},"45":{"start":{"line":143,"column":8},"end":{"line":147,"column":11},"skip":true},"46":{"start":{"line":144,"column":12},"end":{"line":146,"column":15},"skip":true},"47":{"start":{"line":145,"column":16},"end":{"line":145,"column":70},"skip":true},"48":{"start":{"line":149,"column":8},"end":{"line":149,"column":31},"skip":true},"49":{"start":{"line":150,"column":8},"end":{"line":150,"column":14},"skip":true},"50":{"start":{"line":158,"column":8},"end":{"line":158,"column":31},"skip":true},"51":{"start":{"line":160,"column":8},"end":{"line":160,"column":33},"skip":true},"52":{"start":{"line":161,"column":8},"end":{"line":161,"column":37},"skip":true},"53":{"start":{"line":162,"column":8},"end":{"line":162,"column":35},"skip":true},"54":{"start":{"line":164,"column":8},"end":{"line":164,"column":50},"skip":true},"55":{"start":{"line":166,"column":8},"end":{"line":256,"column":2},"skip":true},"56":{"start":{"line":258,"column":8},"end":{"line":286,"column":9},"skip":true},"57":{"start":{"line":259,"column":12},"end":{"line":269,"column":14},"skip":true},"58":{"start":{"line":271,"column":12},"end":{"line":285,"column":19},"skip":true},"59":{"start":{"line":274,"column":20},"end":{"line":274,"column":35},"skip":true},"60":{"start":{"line":275,"column":20},"end":{"line":284,"column":21},"skip":true},"61":{"start":{"line":277,"column":24},"end":{"line":277,"column":64},"skip":true},"62":{"start":{"line":279,"column":24},"end":{"line":279,"column":40},"skip":true},"63":{"start":{"line":281,"column":24},"end":{"line":281,"column":40},"skip":true},"64":{"start":{"line":283,"column":24},"end":{"line":283,"column":39},"skip":true},"65":{"start":{"line":288,"column":8},"end":{"line":290,"column":9},"skip":true},"66":{"start":{"line":289,"column":12},"end":{"line":289,"column":18},"skip":true},"67":{"start":{"line":291,"column":8},"end":{"line":293,"column":54},"skip":true},"68":{"start":{"line":296,"column":8},"end":{"line":301,"column":37},"skip":true},"69":{"start":{"line":303,"column":8},"end":{"line":303,"column":82},"skip":true},"70":{"start":{"line":306,"column":8},"end":{"line":308,"column":9},"skip":true},"71":{"start":{"line":307,"column":12},"end":{"line":307,"column":82},"skip":true},"72":{"start":{"line":310,"column":8},"end":{"line":312,"column":9},"skip":true},"73":{"start":{"line":311,"column":12},"end":{"line":311,"column":18},"skip":true},"74":{"start":{"line":313,"column":8},"end":{"line":313,"column":54},"skip":true},"75":{"start":{"line":314,"column":8},"end":{"line":314,"column":69},"skip":true},"76":{"start":{"line":315,"column":8},"end":{"line":323,"column":36},"skip":true},"77":{"start":{"line":316,"column":12},"end":{"line":316,"column":61},"skip":true},"78":{"start":{"line":317,"column":12},"end":{"line":320,"column":13},"skip":true},"79":{"start":{"line":318,"column":16},"end":{"line":318,"column":75},"skip":true},"80":{"start":{"line":319,"column":16},"end":{"line":319,"column":23},"skip":true},"81":{"start":{"line":321,"column":12},"end":{"line":321,"column":38},"skip":true},"82":{"start":{"line":322,"column":12},"end":{"line":322,"column":27},"skip":true},"83":{"start":{"line":324,"column":8},"end":{"line":324,"column":14},"skip":true}},"branchMap":{"1":{"line":39,"type":"binary-expr","locations":[{"start":{"line":39,"column":23},"end":{"line":39,"column":62}},{"start":{"line":40,"column":20},"end":{"line":40,"column":70}},{"start":{"line":41,"column":20},"end":{"line":41,"column":71}},{"start":{"line":42,"column":20},"end":{"line":42,"column":29}}]},"2":{"line":44,"type":"binary-expr","locations":[{"start":{"line":44,"column":23},"end":{"line":44,"column":37}},{"start":{"line":45,"column":20},"end":{"line":45,"column":61}},{"start":{"line":46,"column":20},"end":{"line":46,"column":70}},{"start":{"line":47,"column":20},"end":{"line":47,"column":26}}]},"3":{"line":51,"type":"cond-expr","locations":[{"start":{"line":52,"column":14},"end":{"line":52,"column":20}},{"start":{"line":53,"column":14},"end":{"line":53,"column":20}}]},"4":{"line":55,"type":"binary-expr","locations":[{"start":{"line":55,"column":16},"end":{"line":55,"column":44}},{"start":{"line":55,"column":49},"end":{"line":57,"column":43}}]},"5":{"line":55,"type":"cond-expr","locations":[{"start":{"line":56,"column":14},"end":{"line":56,"column":58}},{"start":{"line":57,"column":14},"end":{"line":57,"column":43}}]},"6":{"line":61,"type":"switch","locations":[{"start":{"line":68,"column":4},"end":{"line":150,"column":14},"skip":true},{"start":{"line":156,"column":4},"end":{"line":324,"column":14},"skip":true}]},"7":{"line":70,"type":"if","locations":[{"start":{"line":70,"column":12},"end":{"line":70,"column":12},"skip":true},{"start":{"line":70,"column":12},"end":{"line":70,"column":12},"skip":true}]},"8":{"line":70,"type":"binary-expr","locations":[{"start":{"line":70,"column":16},"end":{"line":70,"column":22},"skip":true},{"start":{"line":70,"column":27},"end":{"line":70,"column":32},"skip":true},{"start":{"line":71,"column":20},"end":{"line":71,"column":39},"skip":true},{"start":{"line":72,"column":20},"end":{"line":72,"column":49},"skip":true},{"start":{"line":73,"column":20},"end":{"line":73,"column":58},"skip":true},{"start":{"line":74,"column":20},"end":{"line":74,"column":69},"skip":true}]},"9":{"line":79,"type":"switch","locations":[{"start":{"line":80,"column":20},"end":{"line":80,"column":33},"skip":true},{"start":{"line":81,"column":20},"end":{"line":83,"column":30},"skip":true},{"start":{"line":84,"column":20},"end":{"line":85,"column":49},"skip":true}]},"10":{"line":89,"type":"switch","locations":[{"start":{"line":90,"column":12},"end":{"line":103,"column":22},"skip":true},{"start":{"line":105,"column":12},"end":{"line":106,"column":22},"skip":true}]},"11":{"line":89,"type":"binary-expr","locations":[{"start":{"line":89,"column":20},"end":{"line":89,"column":25},"skip":true},{"start":{"line":89,"column":29},"end":{"line":89,"column":48},"skip":true},{"start":{"line":89,"column":52},"end":{"line":89,"column":74},"skip":true}]},"12":{"line":92,"type":"if","locations":[{"start":{"line":92,"column":16},"end":{"line":92,"column":16},"skip":true},{"start":{"line":92,"column":16},"end":{"line":92,"column":16},"skip":true}]},"13":{"line":108,"type":"if","locations":[{"start":{"line":108,"column":12},"end":{"line":108,"column":12},"skip":true},{"start":{"line":108,"column":12},"end":{"line":108,"column":12},"skip":true}]},"14":{"line":108,"type":"binary-expr","locations":[{"start":{"line":108,"column":16},"end":{"line":108,"column":61},"skip":true},{"start":{"line":108,"column":66},"end":{"line":108,"column":72},"skip":true},{"start":{"line":108,"column":77},"end":{"line":108,"column":82},"skip":true},{"start":{"line":109,"column":20},"end":{"line":109,"column":39},"skip":true},{"start":{"line":110,"column":20},"end":{"line":110,"column":49},"skip":true},{"start":{"line":111,"column":20},"end":{"line":111,"column":58},"skip":true},{"start":{"line":112,"column":20},"end":{"line":112,"column":68},"skip":true}]},"15":{"line":129,"type":"if","locations":[{"start":{"line":129,"column":16},"end":{"line":129,"column":16},"skip":true},{"start":{"line":129,"column":16},"end":{"line":129,"column":16},"skip":true}]},"16":{"line":134,"type":"cond-expr","locations":[{"start":{"line":135,"column":26},"end":{"line":135,"column":29},"skip":true},{"start":{"line":136,"column":26},"end":{"line":136,"column":54},"skip":true}]},"17":{"line":164,"type":"binary-expr","locations":[{"start":{"line":164,"column":27},"end":{"line":164,"column":43},"skip":true},{"start":{"line":164,"column":47},"end":{"line":164,"column":49},"skip":true}]},"18":{"line":258,"type":"if","locations":[{"start":{"line":258,"column":8},"end":{"line":258,"column":8},"skip":true},{"start":{"line":258,"column":8},"end":{"line":258,"column":8},"skip":true}]},"19":{"line":275,"type":"switch","locations":[{"start":{"line":276,"column":20},"end":{"line":277,"column":64},"skip":true},{"start":{"line":278,"column":20},"end":{"line":279,"column":40},"skip":true},{"start":{"line":280,"column":20},"end":{"line":281,"column":40},"skip":true},{"start":{"line":282,"column":20},"end":{"line":283,"column":39},"skip":true}]},"20":{"line":288,"type":"if","locations":[{"start":{"line":288,"column":8},"end":{"line":288,"column":8},"skip":true},{"start":{"line":288,"column":8},"end":{"line":288,"column":8},"skip":true}]},"21":{"line":288,"type":"binary-expr","locations":[{"start":{"line":288,"column":12},"end":{"line":288,"column":40},"skip":true},{"start":{"line":288,"column":44},"end":{"line":288,"column":67},"skip":true}]},"22":{"line":292,"type":"binary-expr","locations":[{"start":{"line":292,"column":12},"end":{"line":292,"column":50},"skip":true},{"start":{"line":293,"column":12},"end":{"line":293,"column":53},"skip":true}]},"23":{"line":297,"type":"binary-expr","locations":[{"start":{"line":297,"column":12},"end":{"line":297,"column":72},"skip":true},{"start":{"line":298,"column":12},"end":{"line":301,"column":36},"skip":true}]},"24":{"line":303,"type":"binary-expr","locations":[{"start":{"line":303,"column":43},"end":{"line":303,"column":75},"skip":true},{"start":{"line":303,"column":79},"end":{"line":303,"column":81},"skip":true}]},"25":{"line":306,"type":"if","locations":[{"start":{"line":306,"column":8},"end":{"line":306,"column":8},"skip":true},{"start":{"line":306,"column":8},"end":{"line":306,"column":8},"skip":true}]},"26":{"line":310,"type":"if","locations":[{"start":{"line":310,"column":8},"end":{"line":310,"column":8},"skip":true},{"start":{"line":310,"column":8},"end":{"line":310,"column":8},"skip":true}]},"27":{"line":313,"type":"binary-expr","locations":[{"start":{"line":313,"column":27},"end":{"line":313,"column":43},"skip":true},{"start":{"line":313,"column":47},"end":{"line":313,"column":53},"skip":true}]},"28":{"line":317,"type":"if","locations":[{"start":{"line":317,"column":12},"end":{"line":317,"column":12},"skip":true},{"start":{"line":317,"column":12},"end":{"line":317,"column":12},"skip":true}]}},"code":["/*","example.js","","quickstart example","","instruction","    1. save this script as example.js","    2. run the shell command:","        $ npm install npmtest-redux-devtools && PORT=8081 node example.js","    3. play with the browser-demo on http://127.0.0.1:8081","*/","","","","/* istanbul instrument in package npmtest_redux_devtools */","/*jslint","    bitwise: true,","    browser: true,","    maxerr: 8,","    maxlen: 96,","    node: true,","    nomen: true,","    regexp: true,","    stupid: true","*/","(function () {","    'use strict';","    var local;","","","","    // run shared js-env code - pre-init","    (function () {","        // init local","        local = {};","        // init modeJs","        local.modeJs = (function () {","            try {","                return typeof navigator.userAgent === 'string' &&","                    typeof document.querySelector('body') === 'object' &&","                    typeof XMLHttpRequest.prototype.open === 'function' &&","                    'browser';","            } catch (errorCaughtBrowser) {","                return module.exports &&","                    typeof process.versions.node === 'string' &&","                    typeof require('http').createServer === 'function' &&","                    'node';","            }","        }());","        // init global","        local.global = local.modeJs === 'browser'","            ? window","            : global;","        // init utility2_rollup","        local = local.global.utility2_rollup || (local.modeJs === 'browser'","            ? local.global.utility2_npmtest_redux_devtools","            : global.utility2_moduleExports);","        // export local","        local.global.local = local;","    }());","    switch (local.modeJs) {","","","","    // post-init","    // run browser js-env code - post-init","    /* istanbul ignore next */","    case 'browser':","        local.testRunBrowser = function (event) {","            if (!event || (event &&","                    event.currentTarget &&","                    event.currentTarget.className &&","                    event.currentTarget.className.includes &&","                    event.currentTarget.className.includes('onreset'))) {","                // reset output","                Array.from(","                    document.querySelectorAll('body > .resettable')","                ).forEach(function (element) {","                    switch (element.tagName) {","                    case 'INPUT':","                    case 'TEXTAREA':","                        element.value = '';","                        break;","                    default:","                        element.textContent = '';","                    }","                });","            }","            switch (event && event.currentTarget && event.currentTarget.id) {","            case 'testRunButton1':","                // show tests","                if (document.querySelector('#testReportDiv1').style.display === 'none') {","                    document.querySelector('#testReportDiv1').style.display = 'block';","                    document.querySelector('#testRunButton1').textContent =","                        'hide internal test';","                    local.modeTest = true;","                    local.testRunDefault(local);","                // hide tests","                } else {","                    document.querySelector('#testReportDiv1').style.display = 'none';","                    document.querySelector('#testRunButton1').textContent = 'run internal test';","                }","                break;","            // custom-case","            default:","                break;","            }","            if (document.querySelector('#inputTextareaEval1') && (!event || (event &&","                    event.currentTarget &&","                    event.currentTarget.className &&","                    event.currentTarget.className.includes &&","                    event.currentTarget.className.includes('oneval')))) {","                // try to eval input-code","                try {","                    /*jslint evil: true*/","                    eval(document.querySelector('#inputTextareaEval1').value);","                } catch (errorCaught) {","                    console.error(errorCaught);","                }","            }","        };","        // log stderr and stdout to #outputTextareaStdout1","        ['error', 'log'].forEach(function (key) {","            console[key + '_original'] = console[key];","            console[key] = function () {","                var element;","                console[key + '_original'].apply(console, arguments);","                element = document.querySelector('#outputTextareaStdout1');","                if (!element) {","                    return;","                }","                // append text to #outputTextareaStdout1","                element.value += Array.from(arguments).map(function (arg) {","                    return typeof arg === 'string'","                        ? arg","                        : JSON.stringify(arg, null, 4);","                }).join(' ') + '\\n';","                // scroll textarea to bottom","                element.scrollTop = element.scrollHeight;","            };","        });","        // init event-handling","        ['change', 'click', 'keyup'].forEach(function (event) {","            Array.from(document.querySelectorAll('.on' + event)).forEach(function (element) {","                element.addEventListener(event, local.testRunBrowser);","            });","        });","        // run tests","        local.testRunBrowser();","        break;","","","","    // run node js-env code - post-init","    /* istanbul ignore next */","    case 'node':","        // export local","        module.exports = local;","        // require modules","        local.fs = require('fs');","        local.http = require('http');","        local.url = require('url');","        // init assets","        local.assetsDict = local.assetsDict || {};","        /* jslint-ignore-begin */","        local.assetsDict['/assets.index.template.html'] = '\\","<!doctype html>\\n\\","<html lang=\"en\">\\n\\","<head>\\n\\","<meta charset=\"UTF-8\">\\n\\","<meta name=\"viewport\" content=\"width=device-width, initial-scale=1\">\\n\\","<title>{{env.npm_package_name}} (v{{env.npm_package_version}})</title>\\n\\","<style>\\n\\","/*csslint\\n\\","    box-sizing: false,\\n\\","    universal-selector: false\\n\\","*/\\n\\","* {\\n\\","    box-sizing: border-box;\\n\\","}\\n\\","body {\\n\\","    background: #dde;\\n\\","    font-family: Arial, Helvetica, sans-serif;\\n\\","    margin: 2rem;\\n\\","}\\n\\","body > * {\\n\\","    margin-bottom: 1rem;\\n\\","}\\n\\",".utility2FooterDiv {\\n\\","    margin-top: 20px;\\n\\","    text-align: center;\\n\\","}\\n\\","</style>\\n\\","<style>\\n\\","/*csslint\\n\\","*/\\n\\","textarea {\\n\\","    font-family: monospace;\\n\\","    height: 10rem;\\n\\","    width: 100%;\\n\\","}\\n\\","textarea[readonly] {\\n\\","    background: #ddd;\\n\\","}\\n\\","</style>\\n\\","</head>\\n\\","<body>\\n\\","<!-- utility2-comment\\n\\","<div id=\"ajaxProgressDiv1\" style=\"background: #d00; height: 2px; left: 0; margin: 0; padding: 0; position: fixed; top: 0; transition: background 0.5s, width 1.5s; width: 25%;\"></div>\\n\\","utility2-comment -->\\n\\","<h1>\\n\\","<!-- utility2-comment\\n\\","    <a\\n\\","        {{#if env.npm_package_homepage}}\\n\\","        href=\"{{env.npm_package_homepage}}\"\\n\\","        {{/if env.npm_package_homepage}}\\n\\","        target=\"_blank\"\\n\\","    >\\n\\","utility2-comment -->\\n\\","        {{env.npm_package_name}} (v{{env.npm_package_version}})\\n\\","<!-- utility2-comment\\n\\","    </a>\\n\\","utility2-comment -->\\n\\","</h1>\\n\\","<h3>{{env.npm_package_description}}</h3>\\n\\","<!-- utility2-comment\\n\\","<h4><a download href=\"assets.app.js\">download standalone app</a></h4>\\n\\","<button class=\"onclick onreset\" id=\"testRunButton1\">run internal test</button><br>\\n\\","<div id=\"testReportDiv1\" style=\"display: none;\"></div>\\n\\","utility2-comment -->\\n\\","\\n\\","\\n\\","\\n\\","<label>stderr and stdout</label>\\n\\","<textarea class=\"resettable\" id=\"outputTextareaStdout1\" readonly></textarea>\\n\\","<!-- utility2-comment\\n\\","{{#if isRollup}}\\n\\","<script src=\"assets.app.js\"></script>\\n\\","{{#unless isRollup}}\\n\\","utility2-comment -->\\n\\","<script src=\"assets.utility2.rollup.js\"></script>\\n\\","<script src=\"jsonp.utility2._stateInit?callback=window.utility2._stateInit\"></script>\\n\\","<script src=\"assets.npmtest_redux_devtools.rollup.js\"></script>\\n\\","<script src=\"assets.example.js\"></script>\\n\\","<script src=\"assets.test.js\"></script>\\n\\","<!-- utility2-comment\\n\\","{{/if isRollup}}\\n\\","utility2-comment -->\\n\\","<div class=\"utility2FooterDiv\">\\n\\","    [ this app was created with\\n\\","    <a href=\"https://github.com/kaizhu256/node-utility2\" target=\"_blank\">utility2</a>\\n\\","    ]\\n\\","</div>\\n\\","</body>\\n\\","</html>\\n\\","';","        /* jslint-ignore-end */","        if (local.templateRender) {","            local.assetsDict['/'] = local.templateRender(","                local.assetsDict['/assets.index.template.html'],","                {","                    env: local.objectSetDefault(local.env, {","                        npm_package_description: 'the greatest app in the world!',","                        npm_package_name: 'my-app',","                        npm_package_nameAlias: 'my_app',","                        npm_package_version: '0.0.1'","                    })","                }","            );","        } else {","            local.assetsDict['/'] = local.assetsDict['/assets.index.template.html']","                .replace((/\\{\\{env\\.(\\w+?)\\}\\}/g), function (match0, match1) {","                    // jslint-hack","                    String(match0);","                    switch (match1) {","                    case 'npm_package_description':","                        return 'the greatest app in the world!';","                    case 'npm_package_name':","                        return 'my-app';","                    case 'npm_package_nameAlias':","                        return 'my_app';","                    case 'npm_package_version':","                        return '0.0.1';","                    }","                });","        }","        // run the cli","        if (local.global.utility2_rollup || module !== require.main) {","            break;","        }","        local.assetsDict['/assets.example.js'] =","            local.assetsDict['/assets.example.js'] ||","            local.fs.readFileSync(__filename, 'utf8');","        // bug-workaround - long $npm_package_buildCustomOrg","        /* jslint-ignore-begin */","        local.assetsDict['/assets.npmtest_redux_devtools.rollup.js'] =","            local.assetsDict['/assets.npmtest_redux_devtools.rollup.js'] ||","            local.fs.readFileSync(","                local.npmtest_redux_devtools.__dirname + '/lib.npmtest_redux_devtools.js',","                'utf8'","            ).replace((/^#!/), '//');","        /* jslint-ignore-end */","        local.assetsDict['/favicon.ico'] = local.assetsDict['/favicon.ico'] || '';","        // if $npm_config_timeout_exit exists,","        // then exit this process after $npm_config_timeout_exit ms","        if (Number(process.env.npm_config_timeout_exit)) {","            setTimeout(process.exit, Number(process.env.npm_config_timeout_exit));","        }","        // start server","        if (local.global.utility2_serverHttp1) {","            break;","        }","        process.env.PORT = process.env.PORT || '8081';","        console.error('server starting on port ' + process.env.PORT);","        local.http.createServer(function (request, response) {","            request.urlParsed = local.url.parse(request.url);","            if (local.assetsDict[request.urlParsed.pathname] !== undefined) {","                response.end(local.assetsDict[request.urlParsed.pathname]);","                return;","            }","            response.statusCode = 404;","            response.end();","        }).listen(process.env.PORT);","        break;","    }","}());",""],"l":{"26":2,"28":2,"33":2,"35":2,"37":2,"38":2,"39":2,"44":1,"51":2,"55":2,"59":2,"61":2,"69":1,"70":2,"76":2,"79":2,"82":2,"83":2,"85":1,"89":2,"92":1,"93":1,"94":1,"96":1,"97":1,"100":1,"101":1,"103":1,"106":1,"108":2,"114":1,"116":1,"118":1,"123":1,"124":2,"125":2,"126":3,"127":3,"128":3,"129":3,"130":1,"133":3,"134":3,"139":3,"143":1,"144":3,"145":1,"149":1,"150":1,"158":1,"160":1,"161":1,"162":1,"164":1,"166":1,"258":1,"259":1,"271":1,"274":6,"275":6,"277":1,"279":2,"281":1,"283":2,"288":1,"289":1,"291":1,"296":1,"303":1,"306":1,"307":1,"310":1,"311":1,"313":1,"314":1,"315":1,"316":1,"317":1,"318":1,"319":1,"321":1,"322":1,"324":1}},"/home/travis/build/npmtest/node-npmtest-redux-devtools/node_modules/redux-devtools/lib/index.js":{"path":"/home/travis/build/npmtest/node-npmtest-redux-devtools/node_modules/redux-devtools/lib/index.js","s":{"1":1,"2":1,"3":1,"4":2,"5":1,"6":2,"7":1,"8":2,"9":1,"10":1,"11":2,"12":1,"13":1,"14":2,"15":1,"16":6},"b":{"1":[6,0],"2":[6,6]},"f":{"1":2,"2":2,"3":2,"4":2,"5":2,"6":6},"fnMap":{"1":{"name":"get","line":9,"loc":{"start":{"line":9,"column":7},"end":{"line":9,"column":22}}},"2":{"name":"get","line":15,"loc":{"start":{"line":15,"column":7},"end":{"line":15,"column":22}}},"3":{"name":"get","line":21,"loc":{"start":{"line":21,"column":7},"end":{"line":21,"column":22}}},"4":{"name":"get","line":30,"loc":{"start":{"line":30,"column":7},"end":{"line":30,"column":22}}},"5":{"name":"get","line":39,"loc":{"start":{"line":39,"column":7},"end":{"line":39,"column":22}}},"6":{"name":"_interopRequireDefault","line":44,"loc":{"start":{"line":44,"column":0},"end":{"line":44,"column":37}}}},"statementMap":{"1":{"start":{"line":3,"column":0},"end":{"line":3,"column":26}},"2":{"start":{"line":5,"column":0},"end":{"line":5,"column":68}},"3":{"start":{"line":7,"column":0},"end":{"line":12,"column":3}},"4":{"start":{"line":10,"column":4},"end":{"line":10,"column":68}},"5":{"start":{"line":13,"column":0},"end":{"line":18,"column":3}},"6":{"start":{"line":16,"column":4},"end":{"line":16,"column":51}},"7":{"start":{"line":19,"column":0},"end":{"line":24,"column":3}},"8":{"start":{"line":22,"column":4},"end":{"line":22,"column":48}},"9":{"start":{"line":26,"column":0},"end":{"line":26,"column":46}},"10":{"start":{"line":28,"column":0},"end":{"line":33,"column":3}},"11":{"start":{"line":31,"column":4},"end":{"line":31,"column":57}},"12":{"start":{"line":35,"column":0},"end":{"line":35,"column":50}},"13":{"start":{"line":37,"column":0},"end":{"line":42,"column":3}},"14":{"start":{"line":40,"column":4},"end":{"line":40,"column":59}},"15":{"start":{"line":44,"column":0},"end":{"line":44,"column":95}},"16":{"start":{"line":44,"column":39},"end":{"line":44,"column":93}}},"branchMap":{"1":{"line":44,"type":"cond-expr","locations":[{"start":{"line":44,"column":70},"end":{"line":44,"column":73}},{"start":{"line":44,"column":76},"end":{"line":44,"column":92}}]},"2":{"line":44,"type":"binary-expr","locations":[{"start":{"line":44,"column":46},"end":{"line":44,"column":49}},{"start":{"line":44,"column":53},"end":{"line":44,"column":67}}]}},"code":["'use strict';","","exports.__esModule = true;","","var _reduxDevtoolsInstrument = require('redux-devtools-instrument');","","Object.defineProperty(exports, 'instrument', {","  enumerable: true,","  get: function get() {","    return _interopRequireDefault(_reduxDevtoolsInstrument).default;","  }","});","Object.defineProperty(exports, 'ActionCreators', {","  enumerable: true,","  get: function get() {","    return _reduxDevtoolsInstrument.ActionCreators;","  }","});","Object.defineProperty(exports, 'ActionTypes', {","  enumerable: true,","  get: function get() {","    return _reduxDevtoolsInstrument.ActionTypes;","  }","});","","var _persistState = require('./persistState');","","Object.defineProperty(exports, 'persistState', {","  enumerable: true,","  get: function get() {","    return _interopRequireDefault(_persistState).default;","  }","});","","var _createDevTools = require('./createDevTools');","","Object.defineProperty(exports, 'createDevTools', {","  enumerable: true,","  get: function get() {","    return _interopRequireDefault(_createDevTools).default;","  }","});","","function _interopRequireDefault(obj) { return obj && obj.__esModule ? obj : { default: obj }; }"],"l":{"3":1,"5":1,"7":1,"10":2,"13":1,"16":2,"19":1,"22":2,"26":1,"28":1,"31":2,"35":1,"37":1,"40":2,"44":6}},"/home/travis/build/npmtest/node-npmtest-redux-devtools/node_modules/redux-devtools-instrument/lib/instrument.js":{"path":"/home/travis/build/npmtest/node-npmtest-redux-devtools/node_modules/redux-devtools-instrument/lib/instrument.js","s":{"1":1,"2":1,"3":1,"4":0,"5":0,"6":0,"7":0,"8":0,"9":0,"10":1,"11":0,"12":0,"13":1,"14":1,"15":1,"16":1,"17":1,"18":1,"19":1,"20":1,"21":1,"22":1,"23":1,"24":1,"25":1,"26":1,"27":4,"28":1,"29":1,"30":0,"31":0,"32":0,"33":0,"34":0,"35":0,"36":0,"37":0,"38":0,"39":0,"40":0,"41":0,"42":0,"43":0,"44":0,"45":0,"46":0,"47":0,"48":1,"49":1,"50":0,"51":0,"52":0,"53":0,"54":0,"55":0,"56":0,"57":0,"58":0,"59":0,"60":1,"61":0,"62":0,"63":0,"64":1,"65":0,"66":0,"67":0,"68":0,"69":0,"70":0,"71":0,"72":0,"73":0,"74":0,"75":0,"76":0,"77":0,"78":0,"79":0,"80":0,"81":0,"82":1,"83":0,"84":1,"85":0,"86":0,"87":0,"88":0,"89":0,"90":0,"91":0,"92":0,"93":0,"94":0,"95":0,"96":0,"97":0,"98":0,"99":0,"100":1,"101":0,"102":0,"103":0,"104":0,"105":0,"106":0,"107":0,"108":0,"109":0,"110":0,"111":0,"112":0,"113":0,"114":0,"115":1,"116":0,"117":0,"118":0,"119":0,"120":0,"121":0,"122":0,"123":0,"124":0,"125":0,"126":0,"127":0,"128":0,"129":0,"130":0,"131":0,"132":0,"133":0,"134":0,"135":0,"136":0,"137":0,"138":0,"139":0,"140":0,"141":0,"142":0,"143":0,"144":0,"145":0,"146":0,"147":0,"148":0,"149":0,"150":0,"151":0,"152":0,"153":0,"154":0,"155":0,"156":0,"157":0,"158":0,"159":0,"160":0,"161":0,"162":0,"163":0,"164":0,"165":0,"166":0,"167":0,"168":0,"169":0,"170":0,"171":0,"172":0,"173":0,"174":0,"175":0,"176":0,"177":0,"178":0,"179":0,"180":0,"181":0,"182":0,"183":0,"184":0,"185":0,"186":0,"187":0,"188":0,"189":0,"190":0,"191":0,"192":0,"193":0,"194":0,"195":0,"196":0,"197":0,"198":0,"199":0,"200":0,"201":0,"202":0,"203":0,"204":0,"205":0,"206":0,"207":0,"208":0,"209":0,"210":0,"211":0,"212":0,"213":0,"214":0,"215":0,"216":0,"217":0,"218":0,"219":0,"220":0,"221":0,"222":0,"223":0,"224":0,"225":0,"226":0,"227":0,"228":0,"229":0,"230":0,"231":0,"232":0,"233":0,"234":0,"235":0,"236":0,"237":0,"238":0,"239":0,"240":0,"241":0,"242":0,"243":0,"244":0,"245":0,"246":0,"247":0,"248":0,"249":0,"250":0,"251":0,"252":0,"253":0,"254":0,"255":0,"256":0,"257":0,"258":0,"259":0,"260":0,"261":0,"262":0,"263":0,"264":0,"265":0,"266":0,"267":0,"268":0,"269":0,"270":0,"271":1,"272":0,"273":0,"274":0,"275":0,"276":1,"277":0,"278":0,"279":1,"280":0,"281":0,"282":0,"283":0,"284":0,"285":0,"286":0,"287":0,"288":0,"289":0,"290":0,"291":1,"292":0,"293":0,"294":0,"295":0,"296":0,"297":1,"298":0,"299":0,"300":0,"301":0,"302":0,"303":0,"304":0,"305":1,"306":0,"307":0,"308":0,"309":0,"310":0,"311":0,"312":0,"313":0,"314":0},"b":{"1":[1,0],"2":[0,0],"3":[1,0],"4":[1,1],"5":[0,0],"6":[0,0,0],"7":[1,3],"8":[4,4],"9":[0,0],"10":[0,0],"11":[0,0],"12":[0,0],"13":[0,0],"14":[0,0,0,0],"15":[0,0],"16":[0,0],"17":[0,0],"18":[0,0,0,0],"19":[0,0],"20":[0,0],"21":[0,0],"22":[0,0,0],"23":[0,0],"24":[0,0],"25":[0,0],"26":[0,0],"27":[0,0],"28":[0,0],"29":[0,0],"30":[0,0],"31":[0,0],"32":[0,0,0,0,0,0,0,0,0,0,0,0,0,0,0],"33":[0,0],"34":[0,0],"35":[0,0],"36":[0,0],"37":[0,0],"38":[0,0],"39":[0,0],"40":[0,0],"41":[0,0],"42":[0,0],"43":[0,0],"44":[0,0],"45":[0,0],"46":[0,0],"47":[0,0],"48":[0,0],"49":[0,0],"50":[0,0],"51":[0,0],"52":[0,0],"53":[0,0],"54":[0,0],"55":[0,0],"56":[0,0],"57":[0,0],"58":[0,0],"59":[0,0],"60":[0,0],"61":[0,0],"62":[0,0],"63":[0,0],"64":[0,0],"65":[0,0],"66":[0,0],"67":[0,0],"68":[0,0]},"f":{"1":0,"2":0,"3":0,"4":4,"5":0,"6":0,"7":0,"8":0,"9":0,"10":0,"11":0,"12":0,"13":0,"14":0,"15":0,"16":0,"17":0,"18":0,"19":0,"20":0,"21":0,"22":0,"23":0,"24":0,"25":0,"26":0,"27":0,"28":0,"29":0,"30":0,"31":0,"32":0,"33":0,"34":0,"35":0,"36":0,"37":0,"38":0,"39":0,"40":0,"41":0,"42":0,"43":0},"fnMap":{"1":{"name":"(anonymous_1)","line":6,"loc":{"start":{"line":6,"column":32},"end":{"line":6,"column":50}}},"2":{"name":"(anonymous_2)","line":8,"loc":{"start":{"line":8,"column":84},"end":{"line":8,"column":99}}},"3":{"name":"(anonymous_3)","line":8,"loc":{"start":{"line":8,"column":124},"end":{"line":8,"column":139}}},"4":{"name":"_interopRequireDefault","line":32,"loc":{"start":{"line":32,"column":0},"end":{"line":32,"column":37}}},"5":{"name":"performAction","line":54,"loc":{"start":{"line":54,"column":17},"end":{"line":54,"column":48}}},"6":{"name":"reset","line":65,"loc":{"start":{"line":65,"column":9},"end":{"line":65,"column":26}}},"7":{"name":"rollback","line":68,"loc":{"start":{"line":68,"column":12},"end":{"line":68,"column":32}}},"8":{"name":"commit","line":71,"loc":{"start":{"line":71,"column":10},"end":{"line":71,"column":28}}},"9":{"name":"sweep","line":74,"loc":{"start":{"line":74,"column":9},"end":{"line":74,"column":26}}},"10":{"name":"toggleAction","line":77,"loc":{"start":{"line":77,"column":16},"end":{"line":77,"column":42}}},"11":{"name":"setActionsActive","line":80,"loc":{"start":{"line":80,"column":20},"end":{"line":80,"column":58}}},"12":{"name":"reorderAction","line":85,"loc":{"start":{"line":85,"column":17},"end":{"line":85,"column":66}}},"13":{"name":"jumpToState","line":88,"loc":{"start":{"line":88,"column":15},"end":{"line":88,"column":43}}},"14":{"name":"jumpToAction","line":91,"loc":{"start":{"line":91,"column":16},"end":{"line":91,"column":48}}},"15":{"name":"importState","line":94,"loc":{"start":{"line":94,"column":15},"end":{"line":94,"column":66}}},"16":{"name":"lockChanges","line":97,"loc":{"start":{"line":97,"column":15},"end":{"line":97,"column":44}}},"17":{"name":"pauseRecording","line":100,"loc":{"start":{"line":100,"column":18},"end":{"line":100,"column":50}}},"18":{"name":"computeWithTryCatch","line":110,"loc":{"start":{"line":110,"column":0},"end":{"line":110,"column":53}}},"19":{"name":"(anonymous_19)","line":119,"loc":{"start":{"line":119,"column":17},"end":{"line":119,"column":29}}},"20":{"name":"computeNextEntry","line":136,"loc":{"start":{"line":136,"column":0},"end":{"line":136,"column":69}}},"21":{"name":"recomputeStates","line":146,"loc":{"start":{"line":146,"column":0},"end":{"line":146,"column":159}}},"22":{"name":"liftAction","line":184,"loc":{"start":{"line":184,"column":0},"end":{"line":184,"column":28}}},"23":{"name":"liftReducerWith","line":191,"loc":{"start":{"line":191,"column":0},"end":{"line":191,"column":82}}},"24":{"name":"(anonymous_24)","line":208,"loc":{"start":{"line":208,"column":9},"end":{"line":208,"column":46}}},"25":{"name":"commitExcessActions","line":228,"loc":{"start":{"line":228,"column":4},"end":{"line":228,"column":36}}},"26":{"name":"(anonymous_26)","line":244,"loc":{"start":{"line":244,"column":49},"end":{"line":244,"column":63}}},"27":{"name":"computePausedAction","line":253,"loc":{"start":{"line":253,"column":4},"end":{"line":253,"column":45}}},"28":{"name":"(anonymous_28)","line":365,"loc":{"start":{"line":365,"column":21},"end":{"line":365,"column":33}}},"29":{"name":"(anonymous_29)","line":374,"loc":{"start":{"line":374,"column":57},"end":{"line":374,"column":71}}},"30":{"name":"(anonymous_30)","line":472,"loc":{"start":{"line":472,"column":49},"end":{"line":472,"column":67}}},"31":{"name":"unliftState","line":570,"loc":{"start":{"line":570,"column":0},"end":{"line":570,"column":34}}},"32":{"name":"unliftStore","line":581,"loc":{"start":{"line":581,"column":0},"end":{"line":581,"column":47}}},"33":{"name":"getState","line":586,"loc":{"start":{"line":586,"column":2},"end":{"line":586,"column":22}}},"34":{"name":"dispatch","line":598,"loc":{"start":{"line":598,"column":14},"end":{"line":598,"column":40}}},"35":{"name":"replaceReducer","line":606,"loc":{"start":{"line":606,"column":20},"end":{"line":606,"column":57}}},"36":{"name":"(anonymous_36)","line":609,"loc":{"start":{"line":609,"column":45},"end":{"line":609,"column":57}}},"37":{"name":"subscribe","line":611,"loc":{"start":{"line":611,"column":17},"end":{"line":611,"column":46}}},"38":{"name":"observeState","line":616,"loc":{"start":{"line":616,"column":8},"end":{"line":616,"column":32}}},"39":{"name":"instrument","line":633,"loc":{"start":{"line":633,"column":0},"end":{"line":633,"column":22}}},"40":{"name":"(anonymous_40)","line":634,"loc":{"start":{"line":634,"column":77},"end":{"line":634,"column":89}}},"41":{"name":"(anonymous_41)","line":645,"loc":{"start":{"line":645,"column":9},"end":{"line":645,"column":32}}},"42":{"name":"(anonymous_42)","line":646,"loc":{"start":{"line":646,"column":11},"end":{"line":646,"column":54}}},"43":{"name":"liftReducer","line":648,"loc":{"start":{"line":648,"column":6},"end":{"line":648,"column":30}}}},"statementMap":{"1":{"start":{"line":3,"column":0},"end":{"line":3,"column":26}},"2":{"start":{"line":4,"column":0},"end":{"line":4,"column":79}},"3":{"start":{"line":6,"column":0},"end":{"line":6,"column":257}},"4":{"start":{"line":6,"column":52},"end":{"line":6,"column":239}},"5":{"start":{"line":6,"column":97},"end":{"line":6,"column":123}},"6":{"start":{"line":6,"column":124},"end":{"line":6,"column":237}},"7":{"start":{"line":6,"column":150},"end":{"line":6,"column":235}},"8":{"start":{"line":6,"column":207},"end":{"line":6,"column":233}},"9":{"start":{"line":6,"column":240},"end":{"line":6,"column":254}},"10":{"start":{"line":8,"column":0},"end":{"line":8,"column":241}},"11":{"start":{"line":8,"column":101},"end":{"line":8,"column":119}},"12":{"start":{"line":8,"column":141},"end":{"line":8,"column":238}},"13":{"start":{"line":10,"column":0},"end":{"line":10,"column":32}},"14":{"start":{"line":11,"column":0},"end":{"line":11,"column":42}},"15":{"start":{"line":12,"column":0},"end":{"line":12,"column":34}},"16":{"start":{"line":13,"column":0},"end":{"line":13,"column":34}},"17":{"start":{"line":14,"column":0},"end":{"line":14,"column":29}},"18":{"start":{"line":16,"column":0},"end":{"line":16,"column":47}},"19":{"start":{"line":18,"column":0},"end":{"line":18,"column":55}},"20":{"start":{"line":20,"column":0},"end":{"line":20,"column":37}},"21":{"start":{"line":22,"column":0},"end":{"line":22,"column":45}},"22":{"start":{"line":24,"column":0},"end":{"line":24,"column":53}},"23":{"start":{"line":26,"column":0},"end":{"line":26,"column":61}},"24":{"start":{"line":28,"column":0},"end":{"line":28,"column":53}},"25":{"start":{"line":30,"column":0},"end":{"line":30,"column":67}},"26":{"start":{"line":32,"column":0},"end":{"line":32,"column":95}},"27":{"start":{"line":32,"column":39},"end":{"line":32,"column":93}},"28":{"start":{"line":34,"column":0},"end":{"line":48,"column":2}},"29":{"start":{"line":53,"column":0},"end":{"line":103,"column":2}},"30":{"start":{"line":55,"column":4},"end":{"line":57,"column":5}},"31":{"start":{"line":56,"column":6},"end":{"line":56,"column":102}},"32":{"start":{"line":59,"column":4},"end":{"line":61,"column":5}},"33":{"start":{"line":60,"column":6},"end":{"line":60,"column":113}},"34":{"start":{"line":63,"column":4},"end":{"line":63,"column":87}},"35":{"start":{"line":66,"column":4},"end":{"line":66,"column":62}},"36":{"start":{"line":69,"column":4},"end":{"line":69,"column":65}},"37":{"start":{"line":72,"column":4},"end":{"line":72,"column":63}},"38":{"start":{"line":75,"column":4},"end":{"line":75,"column":39}},"39":{"start":{"line":78,"column":4},"end":{"line":78,"column":55}},"40":{"start":{"line":81,"column":4},"end":{"line":81,"column":91}},"41":{"start":{"line":83,"column":4},"end":{"line":83,"column":92}},"42":{"start":{"line":86,"column":4},"end":{"line":86,"column":100}},"43":{"start":{"line":89,"column":4},"end":{"line":89,"column":61}},"44":{"start":{"line":92,"column":4},"end":{"line":92,"column":68}},"45":{"start":{"line":95,"column":4},"end":{"line":95,"column":106}},"46":{"start":{"line":98,"column":4},"end":{"line":98,"column":62}},"47":{"start":{"line":101,"column":4},"end":{"line":101,"column":65}},"48":{"start":{"line":105,"column":0},"end":{"line":105,"column":59}},"49":{"start":{"line":110,"column":0},"end":{"line":131,"column":1}},"50":{"start":{"line":111,"column":2},"end":{"line":111,"column":24}},"51":{"start":{"line":112,"column":2},"end":{"line":112,"column":25}},"52":{"start":{"line":113,"column":2},"end":{"line":125,"column":3}},"53":{"start":{"line":114,"column":4},"end":{"line":114,"column":39}},"54":{"start":{"line":116,"column":4},"end":{"line":116,"column":31}},"55":{"start":{"line":117,"column":4},"end":{"line":124,"column":5}},"56":{"start":{"line":119,"column":6},"end":{"line":121,"column":9}},"57":{"start":{"line":120,"column":8},"end":{"line":120,"column":18}},"58":{"start":{"line":123,"column":6},"end":{"line":123,"column":25}},"59":{"start":{"line":127,"column":2},"end":{"line":130,"column":4}},"60":{"start":{"line":136,"column":0},"end":{"line":141,"column":1}},"61":{"start":{"line":137,"column":2},"end":{"line":139,"column":3}},"62":{"start":{"line":138,"column":4},"end":{"line":138,"column":45}},"63":{"start":{"line":140,"column":2},"end":{"line":140,"column":53}},"64":{"start":{"line":146,"column":0},"end":{"line":179,"column":1}},"65":{"start":{"line":149,"column":2},"end":{"line":151,"column":3}},"66":{"start":{"line":150,"column":4},"end":{"line":150,"column":26}},"67":{"start":{"line":153,"column":2},"end":{"line":153,"column":77}},"68":{"start":{"line":154,"column":2},"end":{"line":176,"column":3}},"69":{"start":{"line":155,"column":4},"end":{"line":155,"column":38}},"70":{"start":{"line":156,"column":4},"end":{"line":156,"column":46}},"71":{"start":{"line":158,"column":4},"end":{"line":158,"column":50}},"72":{"start":{"line":159,"column":4},"end":{"line":159,"column":77}},"73":{"start":{"line":161,"column":4},"end":{"line":161,"column":61}},"74":{"start":{"line":162,"column":4},"end":{"line":162,"column":23}},"75":{"start":{"line":163,"column":4},"end":{"line":174,"column":5}},"76":{"start":{"line":164,"column":6},"end":{"line":164,"column":28}},"77":{"start":{"line":166,"column":6},"end":{"line":173,"column":7}},"78":{"start":{"line":167,"column":8},"end":{"line":170,"column":10}},"79":{"start":{"line":172,"column":8},"end":{"line":172,"column":84}},"80":{"start":{"line":175,"column":4},"end":{"line":175,"column":35}},"81":{"start":{"line":178,"column":2},"end":{"line":178,"column":28}},"82":{"start":{"line":184,"column":0},"end":{"line":186,"column":1}},"83":{"start":{"line":185,"column":2},"end":{"line":185,"column":46}},"84":{"start":{"line":191,"column":0},"end":{"line":565,"column":1}},"85":{"start":{"line":192,"column":2},"end":{"line":203,"column":4}},"86":{"start":{"line":208,"column":2},"end":{"line":564,"column":4}},"87":{"start":{"line":209,"column":4},"end":{"line":209,"column":49}},"88":{"start":{"line":211,"column":4},"end":{"line":211,"column":41}},"89":{"start":{"line":212,"column":4},"end":{"line":212,"column":39}},"90":{"start":{"line":213,"column":4},"end":{"line":213,"column":41}},"91":{"start":{"line":214,"column":4},"end":{"line":214,"column":47}},"92":{"start":{"line":215,"column":4},"end":{"line":215,"column":49}},"93":{"start":{"line":216,"column":4},"end":{"line":216,"column":45}},"94":{"start":{"line":217,"column":4},"end":{"line":217,"column":51}},"95":{"start":{"line":218,"column":4},"end":{"line":218,"column":45}},"96":{"start":{"line":219,"column":4},"end":{"line":219,"column":33}},"97":{"start":{"line":220,"column":4},"end":{"line":220,"column":33}},"98":{"start":{"line":223,"column":4},"end":{"line":226,"column":5}},"99":{"start":{"line":225,"column":6},"end":{"line":225,"column":46}},"100":{"start":{"line":228,"column":4},"end":{"line":251,"column":5}},"101":{"start":{"line":230,"column":6},"end":{"line":230,"column":21}},"102":{"start":{"line":231,"column":6},"end":{"line":231,"column":61}},"103":{"start":{"line":233,"column":6},"end":{"line":242,"column":7}},"104":{"start":{"line":234,"column":8},"end":{"line":241,"column":9}},"105":{"start":{"line":236,"column":10},"end":{"line":236,"column":21}},"106":{"start":{"line":237,"column":10},"end":{"line":237,"column":61}},"107":{"start":{"line":238,"column":10},"end":{"line":238,"column":16}},"108":{"start":{"line":240,"column":10},"end":{"line":240,"column":45}},"109":{"start":{"line":244,"column":6},"end":{"line":246,"column":9}},"110":{"start":{"line":245,"column":8},"end":{"line":245,"column":46}},"111":{"start":{"line":247,"column":6},"end":{"line":247,"column":70}},"112":{"start":{"line":248,"column":6},"end":{"line":248,"column":52}},"113":{"start":{"line":249,"column":6},"end":{"line":249,"column":52}},"114":{"start":{"line":250,"column":6},"end":{"line":250,"column":86}},"115":{"start":{"line":253,"column":4},"end":{"line":296,"column":5}},"116":{"start":{"line":254,"column":6},"end":{"line":254,"column":20}},"117":{"start":{"line":256,"column":6},"end":{"line":256,"column":33}},"118":{"start":{"line":257,"column":6},"end":{"line":262,"column":7}},"119":{"start":{"line":258,"column":8},"end":{"line":258,"column":58}},"120":{"start":{"line":259,"column":8},"end":{"line":259,"column":66}},"121":{"start":{"line":261,"column":8},"end":{"line":261,"column":119}},"122":{"start":{"line":263,"column":6},"end":{"line":276,"column":7}},"123":{"start":{"line":264,"column":8},"end":{"line":275,"column":10}},"124":{"start":{"line":277,"column":6},"end":{"line":283,"column":7}},"125":{"start":{"line":278,"column":8},"end":{"line":280,"column":9}},"126":{"start":{"line":279,"column":10},"end":{"line":279,"column":30}},"127":{"start":{"line":281,"column":8},"end":{"line":281,"column":69}},"128":{"start":{"line":282,"column":8},"end":{"line":282,"column":23}},"129":{"start":{"line":284,"column":6},"end":{"line":295,"column":8}},"130":{"start":{"line":301,"column":4},"end":{"line":301,"column":37}},"131":{"start":{"line":303,"column":4},"end":{"line":548,"column":5}},"132":{"start":{"line":306,"column":10},"end":{"line":306,"column":65}},"133":{"start":{"line":306,"column":24},"end":{"line":306,"column":65}},"134":{"start":{"line":307,"column":10},"end":{"line":307,"column":53}},"135":{"start":{"line":307,"column":24},"end":{"line":307,"column":53}},"136":{"start":{"line":310,"column":10},"end":{"line":312,"column":11}},"137":{"start":{"line":311,"column":12},"end":{"line":311,"column":35}},"138":{"start":{"line":314,"column":10},"end":{"line":316,"column":11}},"139":{"start":{"line":315,"column":12},"end":{"line":315,"column":32}},"140":{"start":{"line":317,"column":10},"end":{"line":317,"column":40}},"141":{"start":{"line":320,"column":10},"end":{"line":320,"column":47}},"142":{"start":{"line":321,"column":10},"end":{"line":321,"column":67}},"143":{"start":{"line":323,"column":10},"end":{"line":323,"column":64}},"144":{"start":{"line":324,"column":10},"end":{"line":324,"column":16}},"145":{"start":{"line":329,"column":10},"end":{"line":329,"column":55}},"146":{"start":{"line":330,"column":10},"end":{"line":330,"column":27}},"147":{"start":{"line":331,"column":10},"end":{"line":331,"column":32}},"148":{"start":{"line":332,"column":10},"end":{"line":332,"column":32}},"149":{"start":{"line":333,"column":10},"end":{"line":333,"column":49}},"150":{"start":{"line":334,"column":10},"end":{"line":334,"column":32}},"151":{"start":{"line":335,"column":10},"end":{"line":335,"column":30}},"152":{"start":{"line":336,"column":10},"end":{"line":336,"column":16}},"153":{"start":{"line":342,"column":10},"end":{"line":342,"column":55}},"154":{"start":{"line":343,"column":10},"end":{"line":343,"column":27}},"155":{"start":{"line":344,"column":10},"end":{"line":344,"column":32}},"156":{"start":{"line":345,"column":10},"end":{"line":345,"column":32}},"157":{"start":{"line":346,"column":10},"end":{"line":346,"column":67}},"158":{"start":{"line":347,"column":10},"end":{"line":347,"column":32}},"159":{"start":{"line":348,"column":10},"end":{"line":348,"column":30}},"160":{"start":{"line":349,"column":10},"end":{"line":349,"column":16}},"161":{"start":{"line":355,"column":10},"end":{"line":355,"column":55}},"162":{"start":{"line":356,"column":10},"end":{"line":356,"column":27}},"163":{"start":{"line":357,"column":10},"end":{"line":357,"column":32}},"164":{"start":{"line":358,"column":10},"end":{"line":358,"column":32}},"165":{"start":{"line":359,"column":10},"end":{"line":359,"column":32}},"166":{"start":{"line":360,"column":10},"end":{"line":360,"column":30}},"167":{"start":{"line":361,"column":10},"end":{"line":361,"column":16}},"168":{"start":{"line":365,"column":10},"end":{"line":381,"column":14}},"169":{"start":{"line":368,"column":12},"end":{"line":368,"column":43}},"170":{"start":{"line":370,"column":12},"end":{"line":370,"column":59}},"171":{"start":{"line":371,"column":12},"end":{"line":377,"column":13}},"172":{"start":{"line":372,"column":14},"end":{"line":372,"column":69}},"173":{"start":{"line":374,"column":14},"end":{"line":376,"column":17}},"174":{"start":{"line":375,"column":16},"end":{"line":375,"column":39}},"175":{"start":{"line":379,"column":12},"end":{"line":379,"column":73}},"176":{"start":{"line":380,"column":12},"end":{"line":380,"column":27}},"177":{"start":{"line":383,"column":10},"end":{"line":383,"column":38}},"178":{"start":{"line":383,"column":32},"end":{"line":383,"column":38}},"179":{"start":{"line":389,"column":10},"end":{"line":389,"column":41}},"180":{"start":{"line":390,"column":10},"end":{"line":390,"column":37}},"181":{"start":{"line":391,"column":10},"end":{"line":391,"column":43}},"182":{"start":{"line":393,"column":10},"end":{"line":393,"column":29}},"183":{"start":{"line":394,"column":10},"end":{"line":396,"column":11}},"184":{"start":{"line":395,"column":12},"end":{"line":395,"column":30}},"185":{"start":{"line":396,"column":11},"end":{"line":400,"column":11}},"186":{"start":{"line":397,"column":12},"end":{"line":397,"column":86}},"187":{"start":{"line":399,"column":12},"end":{"line":399,"column":81}},"188":{"start":{"line":403,"column":10},"end":{"line":403,"column":68}},"189":{"start":{"line":404,"column":10},"end":{"line":404,"column":16}},"190":{"start":{"line":410,"column":10},"end":{"line":410,"column":49}},"191":{"start":{"line":412,"column":10},"end":{"line":412,"column":46}},"192":{"start":{"line":413,"column":10},"end":{"line":413,"column":16}},"193":{"start":{"line":419,"column":10},"end":{"line":419,"column":70}},"194":{"start":{"line":420,"column":10},"end":{"line":420,"column":56}},"195":{"start":{"line":420,"column":29},"end":{"line":420,"column":56}},"196":{"start":{"line":421,"column":10},"end":{"line":421,"column":46}},"197":{"start":{"line":422,"column":10},"end":{"line":422,"column":16}},"198":{"start":{"line":427,"column":10},"end":{"line":427,"column":89}},"199":{"start":{"line":428,"column":10},"end":{"line":428,"column":32}},"200":{"start":{"line":429,"column":10},"end":{"line":429,"column":86}},"201":{"start":{"line":430,"column":10},"end":{"line":430,"column":16}},"202":{"start":{"line":435,"column":10},"end":{"line":435,"column":48}},"203":{"start":{"line":436,"column":10},"end":{"line":436,"column":55}},"204":{"start":{"line":438,"column":10},"end":{"line":438,"column":29}},"205":{"start":{"line":438,"column":23},"end":{"line":438,"column":29}},"206":{"start":{"line":439,"column":10},"end":{"line":439,"column":59}},"207":{"start":{"line":440,"column":10},"end":{"line":440,"column":63}},"208":{"start":{"line":441,"column":10},"end":{"line":445,"column":11}},"209":{"start":{"line":443,"column":12},"end":{"line":443,"column":47}},"210":{"start":{"line":444,"column":12},"end":{"line":444,"column":77}},"211":{"start":{"line":446,"column":10},"end":{"line":446,"column":34}},"212":{"start":{"line":448,"column":10},"end":{"line":456,"column":11}},"213":{"start":{"line":450,"column":12},"end":{"line":450,"column":155}},"214":{"start":{"line":451,"column":12},"end":{"line":451,"column":46}},"215":{"start":{"line":452,"column":17},"end":{"line":456,"column":11}},"216":{"start":{"line":454,"column":12},"end":{"line":454,"column":155}},"217":{"start":{"line":455,"column":12},"end":{"line":455,"column":43}},"218":{"start":{"line":457,"column":10},"end":{"line":457,"column":16}},"219":{"start":{"line":461,"column":10},"end":{"line":494,"column":11}},"220":{"start":{"line":463,"column":12},"end":{"line":463,"column":57}},"221":{"start":{"line":464,"column":12},"end":{"line":464,"column":29}},"222":{"start":{"line":465,"column":12},"end":{"line":465,"column":34}},"223":{"start":{"line":466,"column":12},"end":{"line":466,"column":34}},"224":{"start":{"line":467,"column":12},"end":{"line":467,"column":68}},"225":{"start":{"line":468,"column":12},"end":{"line":468,"column":32}},"226":{"start":{"line":469,"column":12},"end":{"line":469,"column":57}},"227":{"start":{"line":470,"column":12},"end":{"line":470,"column":41}},"228":{"start":{"line":472,"column":12},"end":{"line":476,"column":15}},"229":{"start":{"line":473,"column":14},"end":{"line":473,"column":61}},"230":{"start":{"line":474,"column":14},"end":{"line":474,"column":49}},"231":{"start":{"line":475,"column":14},"end":{"line":475,"column":29}},"232":{"start":{"line":478,"column":12},"end":{"line":478,"column":69}},"233":{"start":{"line":481,"column":12},"end":{"line":481,"column":62}},"234":{"start":{"line":482,"column":12},"end":{"line":482,"column":60}},"235":{"start":{"line":483,"column":12},"end":{"line":483,"column":62}},"236":{"start":{"line":484,"column":12},"end":{"line":484,"column":68}},"237":{"start":{"line":485,"column":12},"end":{"line":485,"column":70}},"238":{"start":{"line":486,"column":12},"end":{"line":486,"column":66}},"239":{"start":{"line":487,"column":12},"end":{"line":487,"column":72}},"240":{"start":{"line":488,"column":12},"end":{"line":488,"column":66}},"241":{"start":{"line":491,"column":12},"end":{"line":493,"column":13}},"242":{"start":{"line":492,"column":14},"end":{"line":492,"column":50}},"243":{"start":{"line":496,"column":10},"end":{"line":496,"column":16}},"244":{"start":{"line":500,"column":10},"end":{"line":500,"column":41}},"245":{"start":{"line":501,"column":10},"end":{"line":501,"column":46}},"246":{"start":{"line":502,"column":10},"end":{"line":502,"column":16}},"247":{"start":{"line":506,"column":10},"end":{"line":506,"column":41}},"248":{"start":{"line":507,"column":10},"end":{"line":509,"column":11}},"249":{"start":{"line":508,"column":12},"end":{"line":508,"column
[...]
:26,"column":8},"end":{"line":26,"column":48}},"23":{"start":{"line":31,"column":2},"end":{"line":45,"column":3}},"24":{"start":{"line":32,"column":4},"end":{"line":44,"column":7}},"25":{"start":{"line":34,"column":8},"end":{"line":36,"column":11}},"26":{"start":{"line":40,"column":8},"end":{"line":42,"column":11}},"27":{"start":{"line":47,"column":2},"end":{"line":83,"column":4}},"28":{"start":{"line":48,"column":4},"end":{"line":82,"column":6}},"29":{"start":{"line":49,"column":6},"end":{"line":49,"column":49}},"30":{"start":{"line":51,"column":6},"end":{"line":51,"column":37}},"31":{"start":{"line":52,"column":6},"end":{"line":65,"column":7}},"32":{"start":{"line":53,"column":8},"end":{"line":53,"column":45}},"33":{"start":{"line":54,"column":8},"end":{"line":57,"column":9}},"34":{"start":{"line":55,"column":10},"end":{"line":55,"column":76}},"35":{"start":{"line":56,"column":10},"end":{"line":56,"column":38}},"36":{"start":{"line":59,"column":8},"end":{"line":59,"column":75}},"37":{"start":{"line":60,"column":8},"end":{"line":64,"column":9}},"38":{"start":{"line":61,"column":10},"end":{"line":61,"column":39}},"39":{"start":{"line":63,"column":10},"end":{"line":63,"column":40}},"40":{"start":{"line":67,"column":6},"end":{"line":67,"column":61}},"41":{"start":{"line":69,"column":6},"end":{"line":81,"column":9}},"42":{"start":{"line":71,"column":10},"end":{"line":71,"column":33}},"43":{"start":{"line":73,"column":10},"end":{"line":77,"column":11}},"44":{"start":{"line":74,"column":12},"end":{"line":74,"column":72}},"45":{"start":{"line":76,"column":12},"end":{"line":76,"column":78}},"46":{"start":{"line":79,"column":10},"end":{"line":79,"column":24}}},"branchMap":{"1":{"line":5,"type":"binary-expr","locations":[{"start":{"line":5,"column":15},"end":{"line":5,"column":28}},{"start":{"line":5,"column":32},"end":{"line":5,"column":256}}]},"2":{"line":5,"type":"if","locations":[{"start":{"line":5,"column":150},"end":{"line":5,"column":150}},{"start":{"line":5,"column":150},"end":{"line":5,"column":150}}]},"3":{"line":17,"type":"cond-expr","locations":[{"start":{"line":17,"column":70},"end":{"line":17,"column":73}},{"start":{"line":17,"column":76},"end":{"line":17,"column":92}}]},"4":{"line":17,"type":"binary-expr","locations":[{"start":{"line":17,"column":46},"end":{"line":17,"column":49}},{"start":{"line":17,"column":53},"end":{"line":17,"column":67}}]},"5":{"line":20,"type":"cond-expr","locations":[{"start":{"line":20,"column":78},"end":{"line":20,"column":90}},{"start":{"line":20,"column":93},"end":{"line":20,"column":111}}]},"6":{"line":20,"type":"binary-expr","locations":[{"start":{"line":20,"column":25},"end":{"line":20,"column":45}},{"start":{"line":20,"column":49},"end":{"line":20,"column":75}}]},"7":{"line":21,"type":"cond-expr","locations":[{"start":{"line":21,"column":79},"end":{"line":21,"column":91}},{"start":{"line":21,"column":94},"end":{"line":21,"column":112}}]},"8":{"line":21,"type":"binary-expr","locations":[{"start":{"line":21,"column":26},"end":{"line":21,"column":46}},{"start":{"line":21,"column":50},"end":{"line":21,"column":76}}]},"9":{"line":23,"type":"if","locations":[{"start":{"line":23,"column":2},"end":{"line":23,"column":2}},{"start":{"line":23,"column":2},"end":{"line":23,"column":2}}]},"10":{"line":54,"type":"if","locations":[{"start":{"line":54,"column":8},"end":{"line":54,"column":8}},{"start":{"line":54,"column":8},"end":{"line":54,"column":8}}]},"11":{"line":55,"type":"binary-expr","locations":[{"start":{"line":55,"column":30},"end":{"line":55,"column":59}},{"start":{"line":55,"column":63},"end":{"line":55,"column":75}}]}},"code":["'use strict';","","exports.__esModule = true;","","var _extends = Object.assign || function (target) { for (var i = 1; i < arguments.length; i++) { var source = arguments[i]; for (var key in source) { if (Object.prototype.hasOwnProperty.call(source, key)) { target[key] = source[key]; } } } return target; };","","exports.default = persistState;","","var _mapValues = require('lodash/mapValues');","","var _mapValues2 = _interopRequireDefault(_mapValues);","","var _identity = require('lodash/identity');","","var _identity2 = _interopRequireDefault(_identity);","","function _interopRequireDefault(obj) { return obj && obj.__esModule ? obj : { default: obj }; }","","function persistState(sessionId) {","  var deserializeState = arguments.length > 1 && arguments[1] !== undefined ? arguments[1] : _identity2.default;","  var deserializeAction = arguments.length > 2 && arguments[2] !== undefined ? arguments[2] : _identity2.default;","","  if (!sessionId) {","    return function (next) {","      return function () {","        return next.apply(undefined, arguments);","      };","    };","  }","","  function deserialize(state) {","    return _extends({}, state, {","      actionsById: (0, _mapValues2.default)(state.actionsById, function (liftedAction) {","        return _extends({}, liftedAction, {","          action: deserializeAction(liftedAction.action)","        });","      }),","      committedState: deserializeState(state.committedState),","      computedStates: state.computedStates.map(function (computedState) {","        return _extends({}, computedState, {","          state: deserializeState(computedState.state)","        });","      })","    });","  }","","  return function (next) {","    return function (reducer, initialState, enhancer) {","      var key = 'redux-dev-session-' + sessionId;","","      var finalInitialState = void 0;","      try {","        var json = localStorage.getItem(key);","        if (json) {","          finalInitialState = deserialize(JSON.parse(json)) || initialState;","          next(reducer, initialState);","        }","      } catch (e) {","        console.warn('Could not read debug session from localStorage:', e);","        try {","          localStorage.removeItem(key);","        } finally {","          finalInitialState = undefined;","        }","      }","","      var store = next(reducer, finalInitialState, enhancer);","","      return _extends({}, store, {","        dispatch: function dispatch(action) {","          store.dispatch(action);","","          try {","            localStorage.setItem(key, JSON.stringify(store.getState()));","          } catch (e) {","            console.warn('Could not write debug session to localStorage:', e);","          }","","          return action;","        }","      });","    };","  };","}"],"l":{"3":1,"5":1,"7":1,"9":1,"11":1,"13":1,"15":1,"17":2,"19":1,"20":0,"21":0,"23":0,"24":0,"25":0,"26":0,"31":1,"32":0,"34":0,"40":0,"47":0,"48":0,"49":0,"51":0,"52":0,"53":0,"54":0,"55":0,"56":0,"59":0,"60":0,"61":0,"63":0,"67":0,"69":0,"71":0,"73":0,"74":0,"76":0,"79":0}},"/home/travis/build/npmtest/node-npmtest-redux-devtools/node_modules/redux-devtools/lib/createDevTools.js":{"path":"/home/travis/build/npmtest/node-npmtest-redux-devtools/node_modules/redux-devtools/lib/createDevTools.js","s":{"1":1,"2":1,"3":0,"4":0,"5":0,"6":0,"7":0,"8":0,"9":1,"10":1,"11":1,"12":1,"13":1,"14":1,"15":1,"16":2,"17":1,"18":0,"19":0,"20":1,"21":0,"22":0,"23":0,"24":1,"25":0,"26":0,"27":0,"28":0,"29":0,"30":1,"31":0,"32":0,"33":0,"34":0,"35":0,"36":0,"37":0,"38":0,"39":1,"40":0,"41":0,"42":0,"43":0,"44":0,"45":0,"46":0,"47":0,"48":0,"49":0,"50":0,"51":0,"52":0,"53":0,"54":0,"55":0,"56":0,"57":0},"b":{"1":[1,0],"2":[0,0],"3":[1,1],"4":[2,2],"5":[0,0],"6":[0,0],"7":[0,0],"8":[0,0,0],"9":[0,0],"10":[0,0],"11":[0,0],"12":[0,0],"13":[0,0],"14":[0,0],"15":[0,0],"16":[0,0],"17":[0,0],"18":[0,0]},"f":{"1":0,"2":2,"3":0,"4":0,"5":0,"6":0,"7":0,"8":0,"9":0,"10":0,"11":0,"12":0},"fnMap":{"1":{"name":"(anonymous_1)","line":5,"loc":{"start":{"line":5,"column":32},"end":{"line":5,"column":50}}},"2":{"name":"_interopRequireDefault","line":19,"loc":{"start":{"line":19,"column":0},"end":{"line":19,"column":37}}},"3":{"name":"_classCallCheck","line":21,"loc":{"start":{"line":21,"column":0},"end":{"line":21,"column":48}}},"4":{"name":"_possibleConstructorReturn","line":23,"loc":{"start":{"line":23,"column":0},"end":{"line":23,"column":48}}},"5":{"name":"_inherits","line":25,"loc":{"start":{"line":25,"column":0},"end":{"line":25,"column":41}}},"6":{"name":"createDevTools","line":27,"loc":{"start":{"line":27,"column":0},"end":{"line":27,"column":34}}},"7":{"name":"(anonymous_7)","line":33,"loc":{"start":{"line":33,"column":50},"end":{"line":33,"column":67}}},"8":{"name":"(anonymous_8)","line":37,"loc":{"start":{"line":37,"column":26},"end":{"line":37,"column":48}}},"9":{"name":"DevTools","line":40,"loc":{"start":{"line":40,"column":4},"end":{"line":40,"column":38}}},"10":{"name":"render","line":62,"loc":{"start":{"line":62,"column":32},"end":{"line":62,"column":50}}},"11":{"name":"(anonymous_11)","line":76,"loc":{"start":{"line":76,"column":25},"end":{"line":76,"column":44}}},"12":{"name":"(anonymous_12)","line":77,"loc":{"start":{"line":77,"column":50},"end":{"line":77,"column":75}}}},"statementMap":{"1":{"start":{"line":3,"column":0},"end":{"line":3,"column":26}},"2":{"start":{"line":5,"column":0},"end":{"line":5,"column":257}},"3":{"start":{"line":5,"column":52},"end":{"line":5,"column":239}},"4":{"start":{"line":5,"column":97},"end":{"line":5,"column":123}},"5":{"start":{"line":5,"column":124},"end":{"line":5,"column":237}},"6":{"start":{"line":5,"column":150},"end":{"line":5,"column":235}},"7":{"start":{"line":5,"column":207},"end":{"line":5,"column":233}},"8":{"start":{"line":5,"column":240},"end":{"line":5,"column":254}},"9":{"start":{"line":7,"column":0},"end":{"line":7,"column":33}},"10":{"start":{"line":9,"column":0},"end":{"line":9,"column":30}},"11":{"start":{"line":11,"column":0},"end":{"line":11,"column":45}},"12":{"start":{"line":13,"column":0},"end":{"line":13,"column":41}},"13":{"start":{"line":15,"column":0},"end":{"line":15,"column":68}},"14":{"start":{"line":17,"column":0},"end":{"line":17,"column":81}},"15":{"start":{"line":19,"column":0},"end":{"line":19,"column":95}},"16":{"start":{"line":19,"column":39},"end":{"line":19,"column":93}},"17":{"start":{"line":21,"column":0},"end":{"line":21,"column":153}},"18":{"start":{"line":21,"column":50},"end":{"line":21,"column":151}},"19":{"start":{"line":21,"column":92},"end":{"line":21,"column":149}},"20":{"start":{"line":23,"column":0},"end":{"line":23,"column":240}},"21":{"start":{"line":23,"column":50},"end":{"line":23,"column":151}},"22":{"start":{"line":23,"column":63},"end":{"line":23,"column":149}},"23":{"start":{"line":23,"column":152},"end":{"line":23,"column":238}},"24":{"start":{"line":25,"column":0},"end":{"line":25,"column":494}},"25":{"start":{"line":25,"column":43},"end":{"line":25,"column":208}},"26":{"start":{"line":25,"column":106},"end":{"line":25,"column":206}},"27":{"start":{"line":25,"column":209},"end":{"line":25,"column":373}},"28":{"start":{"line":25,"column":374},"end":{"line":25,"column":492}},"29":{"start":{"line":25,"column":390},"end":{"line":25,"column":492}},"30":{"start":{"line":27,"column":0},"end":{"line":81,"column":1}},"31":{"start":{"line":28,"column":2},"end":{"line":28,"column":20}},"32":{"start":{"line":30,"column":2},"end":{"line":30,"column":54}},"33":{"start":{"line":31,"column":2},"end":{"line":31,"column":42}},"34":{"start":{"line":32,"column":2},"end":{"line":32,"column":36}},"35":{"start":{"line":33,"column":2},"end":{"line":35,"column":14}},"36":{"start":{"line":34,"column":4},"end":{"line":34,"column":17}},"37":{"start":{"line":37,"column":2},"end":{"line":80,"column":11}},"38":{"start":{"line":38,"column":4},"end":{"line":38,"column":36}},"39":{"start":{"line":40,"column":4},"end":{"line":60,"column":5}},"40":{"start":{"line":41,"column":6},"end":{"line":41,"column":38}},"41":{"start":{"line":43,"column":6},"end":{"line":43,"column":90}},"42":{"start":{"line":45,"column":6},"end":{"line":48,"column":7}},"43":{"start":{"line":46,"column":8},"end":{"line":46,"column":186}},"44":{"start":{"line":47,"column":8},"end":{"line":47,"column":49}},"45":{"start":{"line":50,"column":6},"end":{"line":54,"column":7}},"46":{"start":{"line":51,"column":8},"end":{"line":51,"column":54}},"47":{"start":{"line":53,"column":8},"end":{"line":53,"column":52}},"48":{"start":{"line":56,"column":6},"end":{"line":58,"column":7}},"49":{"start":{"line":57,"column":8},"end":{"line":57,"column":173}},"50":{"start":{"line":59,"column":6},"end":{"line":59,"column":19}},"51":{"start":{"line":62,"column":4},"end":{"line":69,"column":6}},"52":{"start":{"line":63,"column":6},"end":{"line":65,"column":7}},"53":{"start":{"line":64,"column":8},"end":{"line":64,"column":20}},"54":{"start":{"line":67,"column":6},"end":{"line":68,"column":36}},"55":{"start":{"line":71,"column":4},"end":{"line":71,"column":20}},"56":{"start":{"line":77,"column":4},"end":{"line":79,"column":16}},"57":{"start":{"line":78,"column":6},"end":{"line":78,"column":57}}},"branchMap":{"1":{"line":5,"type":"binary-expr","locations":[{"start":{"line":5,"column":15},"end":{"line":5,"column":28}},{"start":{"line":5,"column":32},"end":{"line":5,"column":256}}]},"2":{"line":5,"type":"if","locations":[{"start":{"line":5,"column":150},"end":{"line":5,"column":150}},{"start":{"line":5,"column":150},"end":{"line":5,"column":150}}]},"3":{"line":19,"type":"cond-expr","locations":[{"start":{"line":19,"column":70},"end":{"line":19,"column":73}},{"start":{"line":19,"column":76},"end":{"line":19,"column":92}}]},"4":{"line":19,"type":"binary-expr","locations":[{"start":{"line":19,"column":46},"end":{"line":19,"column":49}},{"start":{"line":19,"column":53},"end":{"line":19,"column":67}}]},"5":{"line":21,"type":"if","locations":[{"start":{"line":21,"column":50},"end":{"line":21,"column":50}},{"start":{"line":21,"column":50},"end":{"line":21,"column":50}}]},"6":{"line":23,"type":"if","locations":[{"start":{"line":23,"column":50},"end":{"line":23,"column":50}},{"start":{"line":23,"column":50},"end":{"line":23,"column":50}}]},"7":{"line":23,"type":"cond-expr","locations":[{"start":{"line":23,"column":226},"end":{"line":23,"column":230}},{"start":{"line":23,"column":233},"end":{"line":23,"column":237}}]},"8":{"line":23,"type":"binary-expr","locations":[{"start":{"line":23,"column":159},"end":{"line":23,"column":163}},{"start":{"line":23,"column":168},"end":{"line":23,"column":192}},{"start":{"line":23,"column":196},"end":{"line":23,"column":222}}]},"9":{"line":25,"type":"if","locations":[{"start":{"line":25,"column":43},"end":{"line":25,"column":43}},{"start":{"line":25,"column":43},"end":{"line":25,"column":43}}]},"10":{"line":25,"type":"binary-expr","locations":[{"start":{"line":25,"column":47},"end":{"line":25,"column":79}},{"start":{"line":25,"column":83},"end":{"line":25,"column":102}}]},"11":{"line":25,"type":"binary-expr","locations":[{"start":{"line":25,"column":244},"end":{"line":25,"column":254}},{"start":{"line":25,"column":258},"end":{"line":25,"column":278}}]},"12":{"line":25,"type":"if","locations":[{"start":{"line":25,"column":374},"end":{"line":25,"column":374}},{"start":{"line":25,"column":374},"end":{"line":25,"column":374}}]},"13":{"line":25,"type":"cond-expr","locations":[{"start":{"line":25,"column":414},"end":{"line":25,"column":457}},{"start":{"line":25,"column":460},"end":{"line":25,"column":491}}]},"14":{"line":45,"type":"if","locations":[{"start":{"line":45,"column":6},"end":{"line":45,"column":6}},{"start":{"line":45,"column":6},"end":{"line":45,"column":6}}]},"15":{"line":45,"type":"binary-expr","locations":[{"start":{"line":45,"column":10},"end":{"line":45,"column":22}},{"start":{"line":45,"column":26},"end":{"line":45,"column":40}}]},"16":{"line":50,"type":"if","locations":[{"start":{"line":50,"column":6},"end":{"line":50,"column":6}},{"start":{"line":50,"column":6},"end":{"line":50,"column":6}}]},"17":{"line":56,"type":"if","locations":[{"start":{"line":56,"column":6},"end":{"line":56,"column":6}},{"start":{"line":56,"column":6},"end":{"line":56,"column":6}}]},"18":{"line":63,"type":"if","locations":[{"start":{"line":63,"column":6},"end":{"line":63,"column":6}},{"start":{"line":63,"column":6},"end":{"line":63,"column":6}}]}},"code":["'use strict';","","exports.__esModule = true;","","var _extends = Object.assign || function (target) { for (var i = 1; i < arguments.length; i++) { var source = arguments[i]; for (var key in source) { if (Object.prototype.hasOwnProperty.call(source, key)) { target[key] = source[key]; } } } return target; };","","exports.default = createDevTools;","","var _react = require('react');","","var _react2 = _interopRequireDefault(_react);","","var _reactRedux = require('react-redux');","","var _reduxDevtoolsInstrument = require('redux-devtools-instrument');","","var _reduxDevtoolsInstrument2 = _interopRequireDefault(_reduxDevtoolsInstrument);","","function _interopRequireDefault(obj) { return obj && obj.__esModule ? obj : { default: obj }; }","","function _classCallCheck(instance, Constructor) { if (!(instance instanceof Constructor)) { throw new TypeError(\"Cannot call a class as a function\"); } }","","function _possibleConstructorReturn(self, call) { if (!self) { throw new ReferenceError(\"this hasn't been initialised - super() hasn't been called\"); } return call && (typeof call === \"object\" || typeof call === \"function\") ? call : self; }","","function _inherits(subClass, superClass) { if (typeof superClass !== \"function\" && superClass !== null) { throw new TypeError(\"Super expression must either be null or a function, not \" + typeof superClass); } subClass.prototype = Object.create(superClass && superClass.prototype, { constructor: { value: subClass, enumerable: false, writable: true, configurable: true } }); if (superClass) Object.setPrototypeOf ? Object.setPrototypeOf(subClass, superClass) : subClass.__proto__ = superClass; }","","function createDevTools(children) {","  var _class, _temp;","","  var monitorElement = _react.Children.only(children);","  var monitorProps = monitorElement.props;","  var Monitor = monitorElement.type;","  var ConnectedMonitor = (0, _reactRedux.connect)(function (state) {","    return state;","  })(Monitor);","","  return _temp = _class = function (_Component) {","    _inherits(DevTools, _Component);","","    function DevTools(props, context) {","      _classCallCheck(this, DevTools);","","      var _this = _possibleConstructorReturn(this, _Component.call(this, props, context));","","      if (!props.store && !context.store) {","        console.error('Redux DevTools could not render. You must pass the Redux store ' + 'to <DevTools> either as a \"store\" prop or by wrapping it in a ' + '<Provider store={store}>.');","        return _possibleConstructorReturn(_this);","      }","","      if (context.store) {","        _this.liftedStore = context.store.liftedStore;","      } else {","        _this.liftedStore = props.store.liftedStore;","      }","","      if (!_this.liftedStore) {","        console.error('Redux DevTools could not render. Did you forget to include ' + 'DevTools.instrument() in your store enhancer chain before ' + 'using createStore()?');","      }","      return _this;","    }","","    DevTools.prototype.render = function render() {","      if (!this.liftedStore) {","        return null;","      }","","      return _react2.default.createElement(ConnectedMonitor, _extends({}, monitorProps, {","        store: this.liftedStore }));","    };","","    return DevTools;","  }(_react.Component), _class.contextTypes = {","    store: _react.PropTypes.object","  }, _class.propTypes = {","    store: _react.PropTypes.object","  }, _class.instrument = function (options) {","    return (0, _reduxDevtoolsInstrument2.default)(function (state, action) {","      return Monitor.update(monitorProps, state, action);","    }, options);","  }, _temp;","}"],"l":{"3":1,"5":1,"7":1,"9":1,"11":1,"13":1,"15":1,"17":1,"19":2,"21":1,"23":1,"25":1,"27":1,"28":0,"30":0,"31":0,"32":0,"33":0,"34":0,"37":0,"38":0,"40":1,"41":0,"43":0,"45":0,"46":0,"47":0,"50":0,"51":0,"53":0,"56":0,"57":0,"59":0,"62":0,"63":0,"64":0,"67":0,"71":0,"77":0,"78":0}}}